<?xml version="1.0" encoding="UTF-8"?>
<robot generator="Robot 7.4.2 (Python 3.14.4 on darwin)" generated="2026-05-03T22:23:44.198603" rpa="false" schemaversion="5">
<suite id="s1" name="Tests" source="/Users/yakupdemir/PycharmProjects/PythonProject/PythonProject/PythonProject/abnDENEME/api-test-automation/tests">
<suite id="s1-s1" name="Auth" source="/Users/yakupdemir/PycharmProjects/PythonProject/PythonProject/PythonProject/abnDENEME/api-test-automation/tests/auth">
<suite id="s1-s1-s1" name="Auth Tests" source="/Users/yakupdemir/PycharmProjects/PythonProject/PythonProject/PythonProject/abnDENEME/api-test-automation/tests/auth/auth_tests.robot">
<test id="s1-s1-s1-t1" name="TC01 - Auth Token Should Be Retrieved Successfully" line="7">
<kw name="Get Auth Token" owner="auth_keywords">
<kw name="Create Dictionary" owner="BuiltIn">
<msg time="2026-05-03T22:23:44.299300" level="INFO">${body} = {'username': 'admin', 'password': 'password123'}</msg>
<var>${body}</var>
<arg>username=${ADMIN_USERNAME}</arg>
<arg>password=${ADMIN_PASSWORD}</arg>
<doc>Creates and returns a dictionary based on the given ``items``.</doc>
<status status="PASS" start="2026-05-03T22:23:44.299018" elapsed="0.000306"/>
</kw>
<kw name="Create Session" owner="RequestsLibrary">
<msg time="2026-05-03T22:23:44.299500" level="INFO">Creating Session using : alias=auth_session, url=https://restful-booker.herokuapp.com, headers={},                     cookies={}, auth=None, timeout=10, proxies=None, verify=False,                     debug=0 </msg>
<arg>auth_session</arg>
<arg>${BASE_URL}</arg>
<arg>timeout=${TIMEOUT}</arg>
<doc>Create Session: create a HTTP session to a server</doc>
<status status="PASS" start="2026-05-03T22:23:44.299390" elapsed="0.000205"/>
</kw>
<kw name="POST On Session" owner="RequestsLibrary">
<msg time="2026-05-03T22:23:44.728387" level="INFO">POST Request : url=https://restful-booker.herokuapp.com/auth 
 path_url=/auth 
 headers={'User-Agent': 'python-requests/2.33.1', 'Accept-Encoding': 'gzip, deflate, zstd', 'Accept': '*/*', 'Connection': 'keep-alive', 'Content-Length': '48', 'Content-Type': 'application/json'} 
 body=b'{"username": "admin", "password": "password123"}' 
 </msg>
<msg time="2026-05-03T22:23:44.728678" level="INFO">POST Response : url=https://restful-booker.herokuapp.com/auth 
 status=200, reason=OK 
 headers={'Content-Length': '27', 'Content-Type': 'application/json; charset=utf-8', 'Date': 'Sun, 03 May 2026 20:23:44 GMT', 'Etag': 'W/"1b-UyXrZU5PA9IolKQ+xZC2Ph5t2rU"', 'Nel': '{"report_to":"heroku-nel","response_headers":["Via"],"max_age":3600,"success_fraction":0.01,"failure_fraction":0.1}', 'Report-To': '{"group":"heroku-nel","endpoints":[{"url":"https://nel.heroku.com/reports?s=wcLk8zQCNedM53vY0rFprxDpG7xQG0Y6pqLUpe3e3FQ%3D\\u0026sid=c46efe9b-d3d2-4a0c-8c76-bfafa16c5add\\u0026ts=1777839824"}],"max_age":3600}', 'Reporting-Endpoints': 'heroku-nel="https://nel.heroku.com/reports?s=wcLk8zQCNedM53vY0rFprxDpG7xQG0Y6pqLUpe3e3FQ%3D&amp;sid=c46efe9b-d3d2-4a0c-8c76-bfafa16c5add&amp;ts=1777839824"', 'Server': 'Heroku', 'Via': '1.1 heroku-router', 'X-Powered-By': 'Express'} 
 body={"token":"d79771ed90a2407"} 
 </msg>
<msg time="2026-05-03T22:23:44.728869" level="INFO">/Library/Frameworks/Python.framework/Versions/3.14/lib/python3.14/site-packages/urllib3/connectionpool.py:1097: InsecureRequestWarning: Unverified HTTPS request is being made to host 'restful-booker.herokuapp.com'. Adding certificate verification is strongly advised. See: https://urllib3.readthedocs.io/en/latest/advanced-usage.html#tls-warnings
  warnings.warn(</msg>
<msg time="2026-05-03T22:23:44.729234" level="INFO">${response} = &lt;Response [200]&gt;</msg>
<var>${response}</var>
<arg>auth_session</arg>
<arg>/auth</arg>
<arg>json=${body}</arg>
<doc>Sends a POST request on a previously created HTTP Session.</doc>
<status status="PASS" start="2026-05-03T22:23:44.299645" elapsed="0.429661"/>
</kw>
<kw name="Should Be Equal As Integers" owner="BuiltIn">
<msg time="2026-05-03T22:23:44.730940" level="INFO">Argument types are:
&lt;class 'int'&gt;
&lt;class 'str'&gt;</msg>
<arg>${response.status_code}</arg>
<arg>200</arg>
<doc>Fails if objects are unequal after converting them to integers.</doc>
<status status="PASS" start="2026-05-03T22:23:44.729639" elapsed="0.001380"/>
</kw>
<kw name="Set Variable" owner="BuiltIn">
<msg time="2026-05-03T22:23:44.731867" level="INFO">${token} = d79771ed90a2407</msg>
<var>${token}</var>
<arg>${response.json()['token']}</arg>
<doc>Returns the given values which can then be assigned to a variables.</doc>
<status status="PASS" start="2026-05-03T22:23:44.731146" elapsed="0.000752"/>
</kw>
<return>
<value>${token}</value>
<status status="PASS" start="2026-05-03T22:23:44.731975" elapsed="0.000077"/>
</return>
<msg time="2026-05-03T22:23:44.732240" level="INFO">${token} = d79771ed90a2407</msg>
<var>${token}</var>
<status status="PASS" start="2026-05-03T22:23:44.298735" elapsed="0.433535"/>
</kw>
<kw name="Should Not Be Empty" owner="BuiltIn">
<msg time="2026-05-03T22:23:44.733053" level="INFO">Length is 15.</msg>
<arg>${token}</arg>
<doc>Verifies that the given item is not empty.</doc>
<status status="PASS" start="2026-05-03T22:23:44.732454" elapsed="0.000658"/>
</kw>
<kw name="Log" owner="BuiltIn">
<msg time="2026-05-03T22:23:44.733589" level="INFO">Token: d79771ed90a2407</msg>
<arg>Token: ${token}</arg>
<doc>Logs the given message with the given level.</doc>
<status status="PASS" start="2026-05-03T22:23:44.733288" elapsed="0.000351"/>
</kw>
<status status="PASS" start="2026-05-03T22:23:44.298360" elapsed="0.435474"/>
</test>
<test id="s1-s1-s1-t2" name="TC02 - Auth Token Should Not Be Retrieved With Invalid Username" line="12">
<kw name="Create Dictionary" owner="BuiltIn">
<msg time="2026-05-03T22:23:44.735050" level="INFO">${body} = {'username': 'invalid_user', 'password': 'password123'}</msg>
<var>${body}</var>
<arg>username=invalid_user</arg>
<arg>password=password123</arg>
<doc>Creates and returns a dictionary based on the given ``items``.</doc>
<status status="PASS" start="2026-05-03T22:23:44.734618" elapsed="0.000468"/>
</kw>
<kw name="Create Session" owner="RequestsLibrary">
<msg time="2026-05-03T22:23:44.735672" level="INFO">Creating Session using : alias=auth_session, url=https://restful-booker.herokuapp.com, headers={},                     cookies={}, auth=None, timeout=10, proxies=None, verify=False,                     debug=0 </msg>
<arg>auth_session</arg>
<arg>${BASE_URL}</arg>
<arg>timeout=${TIMEOUT}</arg>
<doc>Create Session: create a HTTP session to a server</doc>
<status status="PASS" start="2026-05-03T22:23:44.735268" elapsed="0.000711"/>
</kw>
<kw name="POST On Session" owner="RequestsLibrary">
<msg time="2026-05-03T22:23:45.124031" level="INFO">POST Request : url=https://restful-booker.herokuapp.com/auth 
 path_url=/auth 
 headers={'User-Agent': 'python-requests/2.33.1', 'Accept-Encoding': 'gzip, deflate, zstd', 'Accept': '*/*', 'Connection': 'keep-alive', 'Content-Length': '55', 'Content-Type': 'application/json'} 
 body=b'{"username": "invalid_user", "password": "password123"}' 
 </msg>
<msg time="2026-05-03T22:23:45.124163" level="INFO">POST Response : url=https://restful-booker.herokuapp.com/auth 
 status=200, reason=OK 
 headers={'Content-Length': '28', 'Content-Type': 'application/json; charset=utf-8', 'Date': 'Sun, 03 May 2026 20:23:45 GMT', 'Etag': 'W/"1c-J3EiwfZwVQjKTKvpvazUfTni8fI"', 'Nel': '{"report_to":"heroku-nel","response_headers":["Via"],"max_age":3600,"success_fraction":0.01,"failure_fraction":0.1}', 'Report-To': '{"group":"heroku-nel","endpoints":[{"url":"https://nel.heroku.com/reports?s=0ZuMWu%2FjLlQEPSCqdCHxirmzteSQTIOpzSGfrdFeFHQ%3D\\u0026sid=c46efe9b-d3d2-4a0c-8c76-bfafa16c5add\\u0026ts=1777839825"}],"max_age":3600}', 'Reporting-Endpoints': 'heroku-nel="https://nel.heroku.com/reports?s=0ZuMWu%2FjLlQEPSCqdCHxirmzteSQTIOpzSGfrdFeFHQ%3D&amp;sid=c46efe9b-d3d2-4a0c-8c76-bfafa16c5add&amp;ts=1777839825"', 'Server': 'Heroku', 'Via': '1.1 heroku-router', 'X-Powered-By': 'Express'} 
 body={"reason":"Bad credentials"} 
 </msg>
<msg time="2026-05-03T22:23:45.124254" level="INFO">/Library/Frameworks/Python.framework/Versions/3.14/lib/python3.14/site-packages/urllib3/connectionpool.py:1097: InsecureRequestWarning: Unverified HTTPS request is being made to host 'restful-booker.herokuapp.com'. Adding certificate verification is strongly advised. See: https://urllib3.readthedocs.io/en/latest/advanced-usage.html#tls-warnings
  warnings.warn(</msg>
<msg time="2026-05-03T22:23:45.124470" level="INFO">${response} = &lt;Response [200]&gt;</msg>
<var>${response}</var>
<arg>auth_session</arg>
<arg>/auth</arg>
<arg>json=${body}</arg>
<doc>Sends a POST request on a previously created HTTP Session.</doc>
<status status="PASS" start="2026-05-03T22:23:44.736302" elapsed="0.388220"/>
</kw>
<kw name="Should Be Equal As Integers" owner="BuiltIn">
<msg time="2026-05-03T22:23:45.125569" level="INFO">Argument types are:
&lt;class 'int'&gt;
&lt;class 'str'&gt;</msg>
<arg>${response.status_code}</arg>
<arg>200</arg>
<doc>Fails if objects are unequal after converting them to integers.</doc>
<status status="PASS" start="2026-05-03T22:23:45.124758" elapsed="0.000891"/>
</kw>
<kw name="Should Be Equal" owner="BuiltIn">
<arg>${response.json()['reason']}</arg>
<arg>Bad credentials</arg>
<doc>Fails if the given objects are unequal.</doc>
<status status="PASS" start="2026-05-03T22:23:45.125811" elapsed="0.000638"/>
</kw>
<status status="PASS" start="2026-05-03T22:23:44.734101" elapsed="0.392522"/>
</test>
<test id="s1-s1-s1-t3" name="TC03 - Auth Token Should Not Be Retrieved With Invalid Password" line="24">
<kw name="Create Dictionary" owner="BuiltIn">
<msg time="2026-05-03T22:23:45.127561" level="INFO">${body} = {'username': 'admin', 'password': 'wrong_password'}</msg>
<var>${body}</var>
<arg>username=admin</arg>
<arg>password=wrong_password</arg>
<doc>Creates and returns a dictionary based on the given ``items``.</doc>
<status status="PASS" start="2026-05-03T22:23:45.127226" elapsed="0.000366"/>
</kw>
<kw name="Create Session" owner="RequestsLibrary">
<msg time="2026-05-03T22:23:45.127953" level="INFO">Creating Session using : alias=auth_session, url=https://restful-booker.herokuapp.com, headers={},                     cookies={}, auth=None, timeout=10, proxies=None, verify=False,                     debug=0 </msg>
<arg>auth_session</arg>
<arg>${BASE_URL}</arg>
<arg>timeout=${TIMEOUT}</arg>
<doc>Create Session: create a HTTP session to a server</doc>
<status status="PASS" start="2026-05-03T22:23:45.127738" elapsed="0.000370"/>
</kw>
<kw name="POST On Session" owner="RequestsLibrary">
<msg time="2026-05-03T22:23:45.514917" level="INFO">POST Request : url=https://restful-booker.herokuapp.com/auth 
 path_url=/auth 
 headers={'User-Agent': 'python-requests/2.33.1', 'Accept-Encoding': 'gzip, deflate, zstd', 'Accept': '*/*', 'Connection': 'keep-alive', 'Content-Length': '51', 'Content-Type': 'application/json'} 
 body=b'{"username": "admin", "password": "wrong_password"}' 
 </msg>
<msg time="2026-05-03T22:23:45.515047" level="INFO">POST Response : url=https://restful-booker.herokuapp.com/auth 
 status=200, reason=OK 
 headers={'Content-Length': '28', 'Content-Type': 'application/json; charset=utf-8', 'Date': 'Sun, 03 May 2026 20:23:45 GMT', 'Etag': 'W/"1c-J3EiwfZwVQjKTKvpvazUfTni8fI"', 'Nel': '{"report_to":"heroku-nel","response_headers":["Via"],"max_age":3600,"success_fraction":0.01,"failure_fraction":0.1}', 'Report-To': '{"group":"heroku-nel","endpoints":[{"url":"https://nel.heroku.com/reports?s=0ZuMWu%2FjLlQEPSCqdCHxirmzteSQTIOpzSGfrdFeFHQ%3D\\u0026sid=c46efe9b-d3d2-4a0c-8c76-bfafa16c5add\\u0026ts=1777839825"}],"max_age":3600}', 'Reporting-Endpoints': 'heroku-nel="https://nel.heroku.com/reports?s=0ZuMWu%2FjLlQEPSCqdCHxirmzteSQTIOpzSGfrdFeFHQ%3D&amp;sid=c46efe9b-d3d2-4a0c-8c76-bfafa16c5add&amp;ts=1777839825"', 'Server': 'Heroku', 'Via': '1.1 heroku-router', 'X-Powered-By': 'Express'} 
 body={"reason":"Bad credentials"} 
 </msg>
<msg time="2026-05-03T22:23:45.515147" level="INFO">/Library/Frameworks/Python.framework/Versions/3.14/lib/python3.14/site-packages/urllib3/connectionpool.py:1097: InsecureRequestWarning: Unverified HTTPS request is being made to host 'restful-booker.herokuapp.com'. Adding certificate verification is strongly advised. See: https://urllib3.readthedocs.io/en/latest/advanced-usage.html#tls-warnings
  warnings.warn(</msg>
<msg time="2026-05-03T22:23:45.515345" level="INFO">${response} = &lt;Response [200]&gt;</msg>
<var>${response}</var>
<arg>auth_session</arg>
<arg>/auth</arg>
<arg>json=${body}</arg>
<doc>Sends a POST request on a previously created HTTP Session.</doc>
<status status="PASS" start="2026-05-03T22:23:45.128241" elapsed="0.387137"/>
</kw>
<kw name="Should Be Equal As Integers" owner="BuiltIn">
<msg time="2026-05-03T22:23:45.516564" level="INFO">Argument types are:
&lt;class 'int'&gt;
&lt;class 'str'&gt;</msg>
<arg>${response.status_code}</arg>
<arg>200</arg>
<doc>Fails if objects are unequal after converting them to integers.</doc>
<status status="PASS" start="2026-05-03T22:23:45.515638" elapsed="0.001009"/>
</kw>
<kw name="Should Be Equal" owner="BuiltIn">
<arg>${response.json()['reason']}</arg>
<arg>Bad credentials</arg>
<doc>Fails if the given objects are unequal.</doc>
<status status="PASS" start="2026-05-03T22:23:45.516844" elapsed="0.000714"/>
</kw>
<status status="PASS" start="2026-05-03T22:23:45.126832" elapsed="0.390906"/>
</test>
<status status="PASS" start="2026-05-03T22:23:44.219019" elapsed="1.299428"/>
</suite>
<status status="PASS" start="2026-05-03T22:23:44.218600" elapsed="1.300780"/>
</suite>
<suite id="s1-s2" name="Booking" source="/Users/yakupdemir/PycharmProjects/PythonProject/PythonProject/PythonProject/abnDENEME/api-test-automation/tests/booking">
<suite id="s1-s2-s1" name="Delete Tests" source="/Users/yakupdemir/PycharmProjects/PythonProject/PythonProject/PythonProject/abnDENEME/api-test-automation/tests/booking/delete_tests.robot">
<test id="s1-s2-s1-t1" name="TC01 - Booking Should Be Deleted Successfully" line="9">
<kw name="Get Auth Token" owner="auth_keywords">
<kw name="Create Dictionary" owner="BuiltIn">
<msg time="2026-05-03T22:23:45.543049" level="INFO">${body} = {'username': 'admin', 'password': 'password123'}</msg>
<var>${body}</var>
<arg>username=${ADMIN_USERNAME}</arg>
<arg>password=${ADMIN_PASSWORD}</arg>
<doc>Creates and returns a dictionary based on the given ``items``.</doc>
<status status="PASS" start="2026-05-03T22:23:45.542649" elapsed="0.000439"/>
</kw>
<kw name="Create Session" owner="RequestsLibrary">
<msg time="2026-05-03T22:23:45.543390" level="INFO">Creating Session using : alias=auth_session, url=https://restful-booker.herokuapp.com, headers={},                     cookies={}, auth=None, timeout=10, proxies=None, verify=False,                     debug=0 </msg>
<arg>auth_session</arg>
<arg>${BASE_URL}</arg>
<arg>timeout=${TIMEOUT}</arg>
<doc>Create Session: create a HTTP session to a server</doc>
<status status="PASS" start="2026-05-03T22:23:45.543202" elapsed="0.000319"/>
</kw>
<kw name="POST On Session" owner="RequestsLibrary">
<msg time="2026-05-03T22:23:45.930733" level="INFO">POST Request : url=https://restful-booker.herokuapp.com/auth 
 path_url=/auth 
 headers={'User-Agent': 'python-requests/2.33.1', 'Accept-Encoding': 'gzip, deflate, zstd', 'Accept': '*/*', 'Connection': 'keep-alive', 'Content-Length': '48', 'Content-Type': 'application/json'} 
 body=b'{"username": "admin", "password": "password123"}' 
 </msg>
<msg time="2026-05-03T22:23:45.931086" level="INFO">POST Response : url=https://restful-booker.herokuapp.com/auth 
 status=200, reason=OK 
 headers={'Content-Length': '27', 'Content-Type': 'application/json; charset=utf-8', 'Date': 'Sun, 03 May 2026 20:23:45 GMT', 'Etag': 'W/"1b-X6MKTlADUshqhppak+2HP9UeHNA"', 'Nel': '{"report_to":"heroku-nel","response_headers":["Via"],"max_age":3600,"success_fraction":0.01,"failure_fraction":0.1}', 'Report-To': '{"group":"heroku-nel","endpoints":[{"url":"https://nel.heroku.com/reports?s=0ZuMWu%2FjLlQEPSCqdCHxirmzteSQTIOpzSGfrdFeFHQ%3D\\u0026sid=c46efe9b-d3d2-4a0c-8c76-bfafa16c5add\\u0026ts=1777839825"}],"max_age":3600}', 'Reporting-Endpoints': 'heroku-nel="https://nel.heroku.com/reports?s=0ZuMWu%2FjLlQEPSCqdCHxirmzteSQTIOpzSGfrdFeFHQ%3D&amp;sid=c46efe9b-d3d2-4a0c-8c76-bfafa16c5add&amp;ts=1777839825"', 'Server': 'Heroku', 'Via': '1.1 heroku-router', 'X-Powered-By': 'Express'} 
 body={"token":"4841df61fdbb15f"} 
 </msg>
<msg time="2026-05-03T22:23:45.931315" level="INFO">/Library/Frameworks/Python.framework/Versions/3.14/lib/python3.14/site-packages/urllib3/connectionpool.py:1097: InsecureRequestWarning: Unverified HTTPS request is being made to host 'restful-booker.herokuapp.com'. Adding certificate verification is strongly advised. See: https://urllib3.readthedocs.io/en/latest/advanced-usage.html#tls-warnings
  warnings.warn(</msg>
<msg time="2026-05-03T22:23:45.931731" level="INFO">${response} = &lt;Response [200]&gt;</msg>
<var>${response}</var>
<arg>auth_session</arg>
<arg>/auth</arg>
<arg>json=${body}</arg>
<doc>Sends a POST request on a previously created HTTP Session.</doc>
<status status="PASS" start="2026-05-03T22:23:45.543617" elapsed="0.388157"/>
</kw>
<kw name="Should Be Equal As Integers" owner="BuiltIn">
<msg time="2026-05-03T22:23:45.933648" level="INFO">Argument types are:
&lt;class 'int'&gt;
&lt;class 'str'&gt;</msg>
<arg>${response.status_code}</arg>
<arg>200</arg>
<doc>Fails if objects are unequal after converting them to integers.</doc>
<status status="PASS" start="2026-05-03T22:23:45.932132" elapsed="0.001614"/>
</kw>
<kw name="Set Variable" owner="BuiltIn">
<msg time="2026-05-03T22:23:45.934810" level="INFO">${token} = 4841df61fdbb15f</msg>
<var>${token}</var>
<arg>${response.json()['token']}</arg>
<doc>Returns the given values which can then be assigned to a variables.</doc>
<status status="PASS" start="2026-05-03T22:23:45.933919" elapsed="0.000929"/>
</kw>
<return>
<value>${token}</value>
<status status="PASS" start="2026-05-03T22:23:45.934946" elapsed="0.000145"/>
</return>
<msg time="2026-05-03T22:23:45.935387" level="INFO">${token} = 4841df61fdbb15f</msg>
<var>${token}</var>
<status status="PASS" start="2026-05-03T22:23:45.542285" elapsed="0.393142"/>
</kw>
<kw name="Create Booking" owner="booking_keywords">
<kw name="Create Dictionary" owner="BuiltIn">
<msg time="2026-05-03T22:23:45.937346" level="INFO">${headers} = {'Content-Type': 'application/json', 'Accept': 'application/json', 'Cookie': 'token=4841df61fdbb15f'}</msg>
<var>${headers}</var>
<arg>Content-Type=${CONTENT_TYPE}</arg>
<arg>Accept=${ACCEPT}</arg>
<arg>Cookie=token=${token}</arg>
<doc>Creates and returns a dictionary based on the given ``items``.</doc>
<status status="PASS" start="2026-05-03T22:23:45.936617" elapsed="0.000790"/>
</kw>
<kw name="Create Dictionary" owner="BuiltIn">
<msg time="2026-05-03T22:23:45.938189" level="INFO">${body} = {'firstname': 'Yakup', 'lastname': 'Demir', 'totalprice': '150', 'depositpaid': 'true', 'additionalneeds': 'Breakfast'}</msg>
<var>${body}</var>
<arg>firstname=${FIRSTNAME}</arg>
<arg>lastname=${LASTNAME}</arg>
<arg>totalprice=${TOTAL_PRICE}</arg>
<arg>depositpaid=${DEPOSIT_PAID}</arg>
<arg>additionalneeds=${ADDITIONAL_NEEDS}</arg>
<doc>Creates and returns a dictionary based on the given ``items``.</doc>
<status status="PASS" start="2026-05-03T22:23:45.937583" elapsed="0.000645"/>
</kw>
<kw name="Create Dictionary" owner="BuiltIn">
<msg time="2026-05-03T22:23:45.938799" level="INFO">${dates} = {'checkin': '2026-06-01', 'checkout': '2026-06-10'}</msg>
<var>${dates}</var>
<arg>checkin=${CHECKIN}</arg>
<arg>checkout=${CHECKOUT}</arg>
<doc>Creates and returns a dictionary based on the given ``items``.</doc>
<status status="PASS" start="2026-05-03T22:23:45.938381" elapsed="0.000457"/>
</kw>
<kw name="Set To Dictionary" owner="Collections">
<arg>${body}</arg>
<arg>bookingdates=${dates}</arg>
<doc>Adds the given ``key_value_pairs`` and/or ``items`` to the ``dictionary``.</doc>
<status status="PASS" start="2026-05-03T22:23:45.938966" elapsed="0.000423"/>
</kw>
<kw name="Create Session" owner="RequestsLibrary">
<msg time="2026-05-03T22:23:45.939803" level="INFO">Creating Session using : alias=booking_session, url=https://restful-booker.herokuapp.com, headers={},                     cookies={}, auth=None, timeout=10, proxies=None, verify=False,                     debug=0 </msg>
<arg>booking_session</arg>
<arg>${BASE_URL}</arg>
<arg>timeout=${TIMEOUT}</arg>
<doc>Create Session: create a HTTP session to a server</doc>
<status status="PASS" start="2026-05-03T22:23:45.939535" elapsed="0.000494"/>
</kw>
<kw name="POST On Session" owner="RequestsLibrary">
<msg time="2026-05-03T22:23:46.324689" level="INFO">POST Request : url=https://restful-booker.herokuapp.com/booking 
 path_url=/booking 
 headers={'User-Agent': 'python-requests/2.33.1', 'Accept-Encoding': 'gzip, deflate, zstd', 'Accept': 'application/json', 'Connection': 'keep-alive', 'Content-Type': 'application/json', 'Cookie': 'token=4841df61fdbb15f', 'Content-Length': '188'} 
 body=b'{"firstname": "Yakup", "lastname": "Demir", "totalprice": "150", "depositpaid": "true", "additionalneeds": "Breakfast", "bookingdates": {"checkin": "2026-06-01", "checkout": "2026-06-10"}}' 
 </msg>
<msg time="2026-05-03T22:23:46.324812" level="INFO">POST Response : url=https://restful-booker.herokuapp.com/booking 
 status=200, reason=OK 
 headers={'Content-Length': '199', 'Content-Type': 'application/json; charset=utf-8', 'Date': 'Sun, 03 May 2026 20:23:46 GMT', 'Etag': 'W/"c7-C2EDnRagbiJSIA0UnToo2mjmguc"', 'Nel': '{"report_to":"heroku-nel","response_headers":["Via"],"max_age":3600,"success_fraction":0.01,"failure_fraction":0.1}', 'Report-To': '{"group":"heroku-nel","endpoints":[{"url":"https://nel.heroku.com/reports?s=aAmbDilkchpLGHFBfuY9aQVrWEKmzxEZC9D89VHSjiY%3D\\u0026sid=c46efe9b-d3d2-4a0c-8c76-bfafa16c5add\\u0026ts=1777839826"}],"max_age":3600}', 'Reporting-Endpoints': 'heroku-nel="https://nel.heroku.com/reports?s=aAmbDilkchpLGHFBfuY9aQVrWEKmzxEZC9D89VHSjiY%3D&amp;sid=c46efe9b-d3d2-4a0c-8c76-bfafa16c5add&amp;ts=1777839826"', 'Server': 'Heroku', 'Via': '1.1 heroku-router', 'X-Powered-By': 'Express'} 
 body={"bookingid":1365,"booking":{"firstname":"Yakup","lastname":"Demir","totalprice":150,"depositpaid":true,"bookingdates":{"checkin":"2026-06-01","checkout":"2026-06-10"},"additionalneeds":"Breakfast"}} 
 </msg>
<msg time="2026-05-03T22:23:46.324905" level="INFO">/Library/Frameworks/Python.framework/Versions/3.14/lib/python3.14/site-packages/urllib3/connectionpool.py:1097: InsecureRequestWarning: Unverified HTTPS request is being made to host 'restful-booker.herokuapp.com'. Adding certificate verification is strongly advised. See: https://urllib3.readthedocs.io/en/latest/advanced-usage.html#tls-warnings
  warnings.warn(</msg>
<msg time="2026-05-03T22:23:46.325070" level="INFO">${response} = &lt;Response [200]&gt;</msg>
<var>${response}</var>
<arg>booking_session</arg>
<arg>/booking</arg>
<arg>json=${body}</arg>
<arg>headers=${headers}</arg>
<doc>Sends a POST request on a previously created HTTP Session.</doc>
<status status="PASS" start="2026-05-03T22:23:45.940163" elapsed="0.384936"/>
</kw>
<kw name="Should Be Equal As Integers" owner="BuiltIn">
<msg time="2026-05-03T22:23:46.326095" level="INFO">Argument types are:
&lt;class 'int'&gt;
&lt;class 'str'&gt;</msg>
<arg>${response.status_code}</arg>
<arg>200</arg>
<doc>Fails if objects are unequal after converting them to integers.</doc>
<status status="PASS" start="2026-05-03T22:23:46.325279" elapsed="0.000880"/>
</kw>
<kw name="Convert To String" owner="BuiltIn">
<msg time="2026-05-03T22:23:46.326963" level="INFO">${booking_id} = 1365</msg>
<var>${booking_id}</var>
<arg>${response.json()['bookingid']}</arg>
<doc>Converts the given item to a Unicode string.</doc>
<status status="PASS" start="2026-05-03T22:23:46.326282" elapsed="0.000709"/>
</kw>
<return>
<value>${booking_id}</value>
<status status="PASS" start="2026-05-03T22:23:46.327050" elapsed="0.000046"/>
</return>
<msg time="2026-05-03T22:23:46.327234" level="INFO">${booking_id} = 1365</msg>
<var>${booking_id}</var>
<arg>${token}</arg>
<status status="PASS" start="2026-05-03T22:23:45.936061" elapsed="0.391196"/>
</kw>
<kw name="Delete Booking" owner="booking_keywords">
<kw name="Create Dictionary" owner="BuiltIn">
<msg time="2026-05-03T22:23:46.328150" level="INFO">${headers} = {'Content-Type': 'application/json', 'Cookie': 'token=4841df61fdbb15f'}</msg>
<var>${headers}</var>
<arg>Content-Type=${CONTENT_TYPE}</arg>
<arg>Cookie=token=${token}</arg>
<doc>Creates and returns a dictionary based on the given ``items``.</doc>
<status status="PASS" start="2026-05-03T22:23:46.327782" elapsed="0.000392"/>
</kw>
<kw name="Create Session" owner="RequestsLibrary">
<msg time="2026-05-03T22:23:46.328444" level="INFO">Creating Session using : alias=booking_session, url=https://restful-booker.herokuapp.com, headers={},                     cookies={}, auth=None, timeout=10, proxies=None, verify=False,                     debug=0 </msg>
<arg>booking_session</arg>
<arg>${BASE_URL}</arg>
<arg>timeout=${TIMEOUT}</arg>
<doc>Create Session: create a HTTP session to a server</doc>
<status status="PASS" start="2026-05-03T22:23:46.328268" elapsed="0.000336"/>
</kw>
<kw name="DELETE On Session" owner="RequestsLibrary">
<msg time="2026-05-03T22:23:46.713576" level="INFO">DELETE Request : url=https://restful-booker.herokuapp.com/booking/1365 
 path_url=/booking/1365 
 headers={'User-Agent': 'python-requests/2.33.1', 'Accept-Encoding': 'gzip, deflate, zstd', 'Accept': '*/*', 'Connection': 'keep-alive', 'Content-Type': 'application/json', 'Cookie': 'token=4841df61fdbb15f', 'Content-Length': '0'} 
 body=None 
 </msg>
<msg time="2026-05-03T22:23:46.713799" level="INFO">DELETE Response : url=https://restful-booker.herokuapp.com/booking/1365 
 status=201, reason=Created 
 headers={'Content-Length': '7', 'Content-Type': 'text/plain; charset=utf-8', 'Date': 'Sun, 03 May 2026 20:23:46 GMT', 'Etag': 'W/"7-rM9AyJuqT6iOan/xHh+AW+7K/T8"', 'Nel': '{"report_to":"heroku-nel","response_headers":["Via"],"max_age":3600,"success_fraction":0.01,"failure_fraction":0.1}', 'Report-To': '{"group":"heroku-nel","endpoints":[{"url":"https://nel.heroku.com/reports?s=aAmbDilkchpLGHFBfuY9aQVrWEKmzxEZC9D89VHSjiY%3D\\u0026sid=c46efe9b-d3d2-4a0c-8c76-bfafa16c5add\\u0026ts=1777839826"}],"max_age":3600}', 'Reporting-Endpoints': 'heroku-nel="https://nel.heroku.com/reports?s=aAmbDilkchpLGHFBfuY9aQVrWEKmzxEZC9D89VHSjiY%3D&amp;sid=c46efe9b-d3d2-4a0c-8c76-bfafa16c5add&amp;ts=1777839826"', 'Server': 'Heroku', 'Via': '1.1 heroku-router', 'X-Powered-By': 'Express'} 
 body=Created 
 </msg>
<msg time="2026-05-03T22:23:46.713980" level="INFO">/Library/Frameworks/Python.framework/Versions/3.14/lib/python3.14/site-packages/urllib3/connectionpool.py:1097: InsecureRequestWarning: Unverified HTTPS request is being made to host 'restful-booker.herokuapp.com'. Adding certificate verification is strongly advised. See: https://urllib3.readthedocs.io/en/latest/advanced-usage.html#tls-warnings
  warnings.warn(</msg>
<msg time="2026-05-03T22:23:46.714309" level="INFO">${response} = &lt;Response [201]&gt;</msg>
<var>${response}</var>
<arg>booking_session</arg>
<arg>/booking/${booking_id}</arg>
<arg>headers=${headers}</arg>
<doc>Sends a DELETE request on a previously created HTTP Session.</doc>
<status status="PASS" start="2026-05-03T22:23:46.328698" elapsed="0.385680"/>
</kw>
<kw name="Should Be Equal As Integers" owner="BuiltIn">
<msg time="2026-05-03T22:23:46.715630" level="INFO">Argument types are:
&lt;class 'int'&gt;
&lt;class 'str'&gt;</msg>
<arg>${response.status_code}</arg>
<arg>201</arg>
<doc>Fails if objects are unequal after converting them to integers.</doc>
<status status="PASS" start="2026-05-03T22:23:46.714662" elapsed="0.001041"/>
</kw>
<return>
<value>${response}</value>
<status status="PASS" start="2026-05-03T22:23:46.715770" elapsed="0.000058"/>
</return>
<arg>${booking_id}</arg>
<arg>${token}</arg>
<status status="PASS" start="2026-05-03T22:23:46.327497" elapsed="0.388524"/>
</kw>
<kw name="Log" owner="BuiltIn">
<msg time="2026-05-03T22:23:46.716763" level="INFO">Deleted Booking ID: 1365</msg>
<arg>Deleted Booking ID: ${booking_id}</arg>
<doc>Logs the given message with the given level.</doc>
<status status="PASS" start="2026-05-03T22:23:46.716313" elapsed="0.000530"/>
</kw>
<status status="PASS" start="2026-05-03T22:23:45.541704" elapsed="1.175389"/>
</test>
<test id="s1-s2-s1-t2" name="TC02 - Deleted Booking Should Not Be Accessible" line="15">
<kw name="Get Auth Token" owner="auth_keywords">
<kw name="Create Dictionary" owner="BuiltIn">
<msg time="2026-05-03T22:23:46.719296" level="INFO">${body} = {'username': 'admin', 'password': 'password123'}</msg>
<var>${body}</var>
<arg>username=${ADMIN_USERNAME}</arg>
<arg>password=${ADMIN_PASSWORD}</arg>
<doc>Creates and returns a dictionary based on the given ``items``.</doc>
<status status="PASS" start="2026-05-03T22:23:46.718622" elapsed="0.000712"/>
</kw>
<kw name="Create Session" owner="RequestsLibrary">
<msg time="2026-05-03T22:23:46.720033" level="INFO">Creating Session using : alias=auth_session, url=https://restful-booker.herokuapp.com, headers={},                     cookies={}, auth=None, timeout=10, proxies=None, verify=False,                     debug=0 </msg>
<arg>auth_session</arg>
<arg>${BASE_URL}</arg>
<arg>timeout=${TIMEOUT}</arg>
<doc>Create Session: create a HTTP session to a server</doc>
<status status="PASS" start="2026-05-03T22:23:46.719493" elapsed="0.000890"/>
</kw>
<kw name="POST On Session" owner="RequestsLibrary">
<msg time="2026-05-03T22:23:47.108960" level="INFO">POST Request : url=https://restful-booker.herokuapp.com/auth 
 path_url=/auth 
 headers={'User-Agent': 'python-requests/2.33.1', 'Accept-Encoding': 'gzip, deflate, zstd', 'Accept': '*/*', 'Connection': 'keep-alive', 'Content-Length': '48', 'Content-Type': 'application/json'} 
 body=b'{"username": "admin", "password": "password123"}' 
 </msg>
<msg time="2026-05-03T22:23:47.109180" level="INFO">POST Response : url=https://restful-booker.herokuapp.com/auth 
 status=200, reason=OK 
 headers={'Content-Length': '27', 'Content-Type': 'application/json; charset=utf-8', 'Date': 'Sun, 03 May 2026 20:23:47 GMT', 'Etag': 'W/"1b-XZ4qZmscX5r7IhwCcc4q35fQ9CE"', 'Nel': '{"report_to":"heroku-nel","response_headers":["Via"],"max_age":3600,"success_fraction":0.01,"failure_fraction":0.1}', 'Report-To': '{"group":"heroku-nel","endpoints":[{"url":"https://nel.heroku.com/reports?s=fYMkMu%2Fem3agbiYoJO06IOn5BCX1YsVB%2FeSYC%2F0QQPc%3D\\u0026sid=c46efe9b-d3d2-4a0c-8c76-bfafa16c5add\\u0026ts=1777839827"}],"max_age":3600}', 'Reporting-Endpoints': 'heroku-nel="https://nel.heroku.com/reports?s=fYMkMu%2Fem3agbiYoJO06IOn5BCX1YsVB%2FeSYC%2F0QQPc%3D&amp;sid=c46efe9b-d3d2-4a0c-8c76-bfafa16c5add&amp;ts=1777839827"', 'Server': 'Heroku', 'Via': '1.1 heroku-router', 'X-Powered-By': 'Express'} 
 body={"token":"86d8f1e760c206c"} 
 </msg>
<msg time="2026-05-03T22:23:47.109354" level="INFO">/Library/Frameworks/Python.framework/Versions/3.14/lib/python3.14/site-packages/urllib3/connectionpool.py:1097: InsecureRequestWarning: Unverified HTTPS request is being made to host 'restful-booker.herokuapp.com'. Adding certificate verification is strongly advised. See: https://urllib3.readthedocs.io/en/latest/advanced-usage.html#tls-warnings
  warnings.warn(</msg>
<msg time="2026-05-03T22:23:47.109677" level="INFO">${response} = &lt;Response [200]&gt;</msg>
<var>${response}</var>
<arg>auth_session</arg>
<arg>/auth</arg>
<arg>json=${body}</arg>
<doc>Sends a POST request on a previously created HTTP Session.</doc>
<status status="PASS" start="2026-05-03T22:23:46.720709" elapsed="0.389027"/>
</kw>
<kw name="Should Be Equal As Integers" owner="BuiltIn">
<msg time="2026-05-03T22:23:47.111392" level="INFO">Argument types are:
&lt;class 'int'&gt;
&lt;class 'str'&gt;</msg>
<arg>${response.status_code}</arg>
<arg>200</arg>
<doc>Fails if objects are unequal after converting them to integers.</doc>
<status status="PASS" start="2026-05-03T22:23:47.110036" elapsed="0.001458"/>
</kw>
<kw name="Set Variable" owner="BuiltIn">
<msg time="2026-05-03T22:23:47.112544" level="INFO">${token} = 86d8f1e760c206c</msg>
<var>${token}</var>
<arg>${response.json()['token']}</arg>
<doc>Returns the given values which can then be assigned to a variables.</doc>
<status status="PASS" start="2026-05-03T22:23:47.111686" elapsed="0.000896"/>
</kw>
<return>
<value>${token}</value>
<status status="PASS" start="2026-05-03T22:23:47.112666" elapsed="0.000076"/>
</return>
<msg time="2026-05-03T22:23:47.112955" level="INFO">${token} = 86d8f1e760c206c</msg>
<var>${token}</var>
<status status="PASS" start="2026-05-03T22:23:46.718215" elapsed="0.394776"/>
</kw>
<kw name="Create Booking" owner="booking_keywords">
<kw name="Create Dictionary" owner="BuiltIn">
<msg time="2026-05-03T22:23:47.114473" level="INFO">${headers} = {'Content-Type': 'application/json', 'Accept': 'application/json', 'Cookie': 'token=86d8f1e760c206c'}</msg>
<var>${headers}</var>
<arg>Content-Type=${CONTENT_TYPE}</arg>
<arg>Accept=${ACCEPT}</arg>
<arg>Cookie=token=${token}</arg>
<doc>Creates and returns a dictionary based on the given ``items``.</doc>
<status status="PASS" start="2026-05-03T22:23:47.113813" elapsed="0.000708"/>
</kw>
<kw name="Create Dictionary" owner="BuiltIn">
<msg time="2026-05-03T22:23:47.115459" level="INFO">${body} = {'firstname': 'Yakup', 'lastname': 'Demir', 'totalprice': '150', 'depositpaid': 'true', 'additionalneeds': 'Breakfast'}</msg>
<var>${body}</var>
<arg>firstname=${FIRSTNAME}</arg>
<arg>lastname=${LASTNAME}</arg>
<arg>totalprice=${TOTAL_PRICE}</arg>
<arg>depositpaid=${DEPOSIT_PAID}</arg>
<arg>additionalneeds=${ADDITIONAL_NEEDS}</arg>
<doc>Creates and returns a dictionary based on the given ``items``.</doc>
<status status="PASS" start="2026-05-03T22:23:47.114742" elapsed="0.000761"/>
</kw>
<kw name="Create Dictionary" owner="BuiltIn">
<msg time="2026-05-03T22:23:47.116432" level="INFO">${dates} = {'checkin': '2026-06-01', 'checkout': '2026-06-10'}</msg>
<var>${dates}</var>
<arg>checkin=${CHECKIN}</arg>
<arg>checkout=${CHECKOUT}</arg>
<doc>Creates and returns a dictionary based on the given ``items``.</doc>
<status status="PASS" start="2026-05-03T22:23:47.115900" elapsed="0.000565"/>
</kw>
<kw name="Set To Dictionary" owner="Collections">
<arg>${body}</arg>
<arg>bookingdates=${dates}</arg>
<doc>Adds the given ``key_value_pairs`` and/or ``items`` to the ``dictionary``.</doc>
<status status="PASS" start="2026-05-03T22:23:47.116588" elapsed="0.000246"/>
</kw>
<kw name="Create Session" owner="RequestsLibrary">
<msg time="2026-05-03T22:23:47.117164" level="INFO">Creating Session using : alias=booking_session, url=https://restful-booker.herokuapp.com, headers={},                     cookies={}, auth=None, timeout=10, proxies=None, verify=False,                     debug=0 </msg>
<arg>booking_session</arg>
<arg>${BASE_URL}</arg>
<arg>timeout=${TIMEOUT}</arg>
<doc>Create Session: create a HTTP session to a server</doc>
<status status="PASS" start="2026-05-03T22:23:47.116949" elapsed="0.000382"/>
</kw>
<kw name="POST On Session" owner="RequestsLibrary">
<msg time="2026-05-03T22:23:47.502561" level="INFO">POST Request : url=https://restful-booker.herokuapp.com/booking 
 path_url=/booking 
 headers={'User-Agent': 'python-requests/2.33.1', 'Accept-Encoding': 'gzip, deflate, zstd', 'Accept': 'application/json', 'Connection': 'keep-alive', 'Content-Type': 'application/json', 'Cookie': 'token=86d8f1e760c206c', 'Content-Length': '188'} 
 body=b'{"firstname": "Yakup", "lastname": "Demir", "totalprice": "150", "depositpaid": "true", "additionalneeds": "Breakfast", "bookingdates": {"checkin": "2026-06-01", "checkout": "2026-06-10"}}' 
 </msg>
<msg time="2026-05-03T22:23:47.502882" level="INFO">POST Response : url=https://restful-booker.herokuapp.com/booking 
 status=200, reason=OK 
 headers={'Content-Length': '199', 'Content-Type': 'application/json; charset=utf-8', 'Date': 'Sun, 03 May 2026 20:23:47 GMT', 'Etag': 'W/"c7-/qsdq8J02YFfyqvmOG8Zo4l7Mh0"', 'Nel': '{"report_to":"heroku-nel","response_headers":["Via"],"max_age":3600,"success_fraction":0.01,"failure_fraction":0.1}', 'Report-To': '{"group":"heroku-nel","endpoints":[{"url":"https://nel.heroku.com/reports?s=fYMkMu%2Fem3agbiYoJO06IOn5BCX1YsVB%2FeSYC%2F0QQPc%3D\\u0026sid=c46efe9b-d3d2-4a0c-8c76-bfafa16c5add\\u0026ts=1777839827"}],"max_age":3600}', 'Reporting-Endpoints': 'heroku-nel="https://nel.heroku.com/reports?s=fYMkMu%2Fem3agbiYoJO06IOn5BCX1YsVB%2FeSYC%2F0QQPc%3D&amp;sid=c46efe9b-d3d2-4a0c-8c76-bfafa16c5add&amp;ts=1777839827"', 'Server': 'Heroku', 'Via': '1.1 heroku-router', 'X-Powered-By': 'Express'} 
 body={"bookingid":1379,"booking":{"firstname":"Yakup","lastname":"Demir","totalprice":150,"depositpaid":true,"bookingdates":{"checkin":"2026-06-01","checkout":"2026-06-10"},"additionalneeds":"Breakfast"}} 
 </msg>
<msg time="2026-05-03T22:23:47.503092" level="INFO">/Library/Frameworks/Python.framework/Versions/3.14/lib/python3.14/site-packages/urllib3/connectionpool.py:1097: InsecureRequestWarning: Unverified HTTPS request is being made to host 'restful-booker.herokuapp.com'. Adding certificate verification is strongly advised. See: https://urllib3.readthedocs.io/en/latest/advanced-usage.html#tls-warnings
  warnings.warn(</msg>
<msg time="2026-05-03T22:23:47.503437" level="INFO">${response} = &lt;Response [200]&gt;</msg>
<var>${response}</var>
<arg>booking_session</arg>
<arg>/booking</arg>
<arg>json=${body}</arg>
<arg>headers=${headers}</arg>
<doc>Sends a POST request on a previously created HTTP Session.</doc>
<status status="PASS" start="2026-05-03T22:23:47.117443" elapsed="0.386051"/>
</kw>
<kw name="Should Be Equal As Integers" owner="BuiltIn">
<msg time="2026-05-03T22:23:47.505845" level="INFO">Argument types are:
&lt;class 'int'&gt;
&lt;class 'str'&gt;</msg>
<arg>${response.status_code}</arg>
<arg>200</arg>
<doc>Fails if objects are unequal after converting them to integers.</doc>
<status status="PASS" start="2026-05-03T22:23:47.503979" elapsed="0.001953"/>
</kw>
<kw name="Convert To String" owner="BuiltIn">
<msg time="2026-05-03T22:23:47.507349" level="INFO">${booking_id} = 1379</msg>
<var>${booking_id}</var>
<arg>${response.json()['bookingid']}</arg>
<doc>Converts the given item to a Unicode string.</doc>
<status status="PASS" start="2026-05-03T22:23:47.506141" elapsed="0.001271"/>
</kw>
<return>
<value>${booking_id}</value>
<status status="PASS" start="2026-05-03T22:23:47.507515" elapsed="0.000075"/>
</return>
<msg time="2026-05-03T22:23:47.507873" level="INFO">${booking_id} = 1379</msg>
<var>${booking_id}</var>
<arg>${token}</arg>
<status status="PASS" start="2026-05-03T22:23:47.113378" elapsed="0.394538"/>
</kw>
<kw name="Delete Booking" owner="booking_keywords">
<kw name="Create Dictionary" owner="BuiltIn">
<msg time="2026-05-03T22:23:47.509322" level="INFO">${headers} = {'Content-Type': 'application/json', 'Cookie': 'token=86d8f1e760c206c'}</msg>
<var>${headers}</var>
<arg>Content-Type=${CONTENT_TYPE}</arg>
<arg>Cookie=token=${token}</arg>
<doc>Creates and returns a dictionary based on the given ``items``.</doc>
<status status="PASS" start="2026-05-03T22:23:47.508796" elapsed="0.000558"/>
</kw>
<kw name="Create Session" owner="RequestsLibrary">
<msg time="2026-05-03T22:23:47.509717" level="INFO">Creating Session using : alias=booking_session, url=https://restful-booker.herokuapp.com, headers={},                     cookies={}, auth=None, timeout=10, proxies=None, verify=False,                     debug=0 </msg>
<arg>booking_session</arg>
<arg>${BASE_URL}</arg>
<arg>timeout=${TIMEOUT}</arg>
<doc>Create Session: create a HTTP session to a server</doc>
<status status="PASS" start="2026-05-03T22:23:47.509486" elapsed="0.000416"/>
</kw>
<kw name="DELETE On Session" owner="RequestsLibrary">
<msg time="2026-05-03T22:23:47.898154" level="INFO">DELETE Request : url=https://restful-booker.herokuapp.com/booking/1379 
 path_url=/booking/1379 
 headers={'User-Agent': 'python-requests/2.33.1', 'Accept-Encoding': 'gzip, deflate, zstd', 'Accept': '*/*', 'Connection': 'keep-alive', 'Content-Type': 'application/json', 'Cookie': 'token=86d8f1e760c206c', 'Content-Length': '0'} 
 body=None 
 </msg>
<msg time="2026-05-03T22:23:47.898462" level="INFO">DELETE Response : url=https://restful-booker.herokuapp.com/booking/1379 
 status=201, reason=Created 
 headers={'Content-Length': '7', 'Content-Type': 'text/plain; charset=utf-8', 'Date': 'Sun, 03 May 2026 20:23:47 GMT', 'Etag': 'W/"7-rM9AyJuqT6iOan/xHh+AW+7K/T8"', 'Nel': '{"report_to":"heroku-nel","response_headers":["Via"],"max_age":3600,"success_fraction":0.01,"failure_fraction":0.1}', 'Report-To': '{"group":"heroku-nel","endpoints":[{"url":"https://nel.heroku.com/reports?s=fYMkMu%2Fem3agbiYoJO06IOn5BCX1YsVB%2FeSYC%2F0QQPc%3D\\u0026sid=c46efe9b-d3d2-4a0c-8c76-bfafa16c5add\\u0026ts=1777839827"}],"max_age":3600}', 'Reporting-Endpoints': 'heroku-nel="https://nel.heroku.com/reports?s=fYMkMu%2Fem3agbiYoJO06IOn5BCX1YsVB%2FeSYC%2F0QQPc%3D&amp;sid=c46efe9b-d3d2-4a0c-8c76-bfafa16c5add&amp;ts=1777839827"', 'Server': 'Heroku', 'Via': '1.1 heroku-router', 'X-Powered-By': 'Express'} 
 body=Created 
 </msg>
<msg time="2026-05-03T22:23:47.898641" level="INFO">/Library/Frameworks/Python.framework/Versions/3.14/lib/python3.14/site-packages/urllib3/connectionpool.py:1097: InsecureRequestWarning: Unverified HTTPS request is being made to host 'restful-booker.herokuapp.com'. Adding certificate verification is strongly advised. See: https://urllib3.readthedocs.io/en/latest/advanced-usage.html#tls-warnings
  warnings.warn(</msg>
<msg time="2026-05-03T22:23:47.899031" level="INFO">${response} = &lt;Response [201]&gt;</msg>
<var>${response}</var>
<arg>booking_session</arg>
<arg>/booking/${booking_id}</arg>
<arg>headers=${headers}</arg>
<doc>Sends a DELETE request on a previously created HTTP Session.</doc>
<status status="PASS" start="2026-05-03T22:23:47.510022" elapsed="0.389063"/>
</kw>
<kw name="Should Be Equal As Integers" owner="BuiltIn">
<msg time="2026-05-03T22:23:47.901306" level="INFO">Argument types are:
&lt;class 'int'&gt;
&lt;class 'str'&gt;</msg>
<arg>${response.status_code}</arg>
<arg>201</arg>
<doc>Fails if objects are unequal after converting them to integers.</doc>
<status status="PASS" start="2026-05-03T22:23:47.899504" elapsed="0.001919"/>
</kw>
<return>
<value>${response}</value>
<status status="PASS" start="2026-05-03T22:23:47.901535" elapsed="0.000119"/>
</return>
<arg>${booking_id}</arg>
<arg>${token}</arg>
<status status="PASS" start="2026-05-03T22:23:47.508331" elapsed="0.393615"/>
</kw>
<kw name="Create Session" owner="RequestsLibrary">
<msg time="2026-05-03T22:23:47.903048" level="INFO">Creating Session using : alias=booking_session, url=https://restful-booker.herokuapp.com, headers={},                     cookies={}, auth=None, timeout=10, proxies=None, verify=False,                     debug=0 </msg>
<arg>booking_session</arg>
<arg>${BASE_URL}</arg>
<arg>timeout=${TIMEOUT}</arg>
<doc>Create Session: create a HTTP session to a server</doc>
<status status="PASS" start="2026-05-03T22:23:47.902427" elapsed="0.000938"/>
</kw>
<kw name="GET On Session" owner="RequestsLibrary">
<msg time="2026-05-03T22:23:48.291065" level="INFO">GET Request : url=https://restful-booker.herokuapp.com/booking/1379 
 path_url=/booking/1379 
 headers={'User-Agent': 'python-requests/2.33.1', 'Accept-Encoding': 'gzip, deflate, zstd', 'Accept': '*/*', 'Connection': 'keep-alive'} 
 body=None 
 </msg>
<msg time="2026-05-03T22:23:48.291268" level="INFO">GET Response : url=https://restful-booker.herokuapp.com/booking/1379 
 status=404, reason=Not Found 
 headers={'Content-Length': '9', 'Content-Type': 'text/plain; charset=utf-8', 'Date': 'Sun, 03 May 2026 20:23:48 GMT', 'Etag': 'W/"9-0gXL1ngzMqISxa6S1zx3F4wtLyg"', 'Nel': '{"report_to":"heroku-nel","response_headers":["Via"],"max_age":3600,"success_fraction":0.01,"failure_fraction":0.1}', 'Report-To': '{"group":"heroku-nel","endpoints":[{"url":"https://nel.heroku.com/reports?s=zDCAm0m9ICHMVOWGkcaDmwFvjhGgvFf6r8KvSbXxlh4%3D\\u0026sid=c46efe9b-d3d2-4a0c-8c76-bfafa16c5add\\u0026ts=1777839828"}],"max_age":3600}', 'Reporting-Endpoints': 'heroku-nel="https://nel.heroku.com/reports?s=zDCAm0m9ICHMVOWGkcaDmwFvjhGgvFf6r8KvSbXxlh4%3D&amp;sid=c46efe9b-d3d2-4a0c-8c76-bfafa16c5add&amp;ts=1777839828"', 'Server': 'Heroku', 'Via': '1.1 heroku-router', 'X-Powered-By': 'Express'} 
 body=Not Found 
 </msg>
<msg time="2026-05-03T22:23:48.291383" level="INFO">/Library/Frameworks/Python.framework/Versions/3.14/lib/python3.14/site-packages/urllib3/connectionpool.py:1097: InsecureRequestWarning: Unverified HTTPS request is being made to host 'restful-booker.herokuapp.com'. Adding certificate verification is strongly advised. See: https://urllib3.readthedocs.io/en/latest/advanced-usage.html#tls-warnings
  warnings.warn(</msg>
<msg time="2026-05-03T22:23:48.291592" level="INFO">${response} = &lt;Response [404]&gt;</msg>
<var>${response}</var>
<arg>booking_session</arg>
<arg>/booking/${booking_id}</arg>
<arg>expected_status=404</arg>
<doc>Sends a GET request on a previously created HTTP Session.</doc>
<status status="PASS" start="2026-05-03T22:23:47.903695" elapsed="0.387932"/>
</kw>
<kw name="Should Be Equal As Integers" owner="BuiltIn">
<msg time="2026-05-03T22:23:48.292836" level="INFO">Argument types are:
&lt;class 'int'&gt;
&lt;class 'str'&gt;</msg>
<arg>${response.status_code}</arg>
<arg>404</arg>
<doc>Fails if objects are unequal after converting them to integers.</doc>
<status status="PASS" start="2026-05-03T22:23:48.291912" elapsed="0.000993"/>
</kw>
<kw name="Log" owner="BuiltIn">
<msg time="2026-05-03T22:23:48.293342" level="INFO">Booking not found: 1379</msg>
<arg>Booking not found: ${booking_id}</arg>
<doc>Logs the given message with the given level.</doc>
<status status="PASS" start="2026-05-03T22:23:48.293061" elapsed="0.000336"/>
</kw>
<status status="PASS" start="2026-05-03T22:23:46.717462" elapsed="1.576106"/>
</test>
<test id="s1-s2-s1-t3" name="TC03 - Booking Should Not Be Deleted With Invalid Token" line="27">
<kw name="Get Auth Token" owner="auth_keywords">
<kw name="Create Dictionary" owner="BuiltIn">
<msg time="2026-05-03T22:23:48.295059" level="INFO">${body} = {'username': 'admin', 'password': 'password123'}</msg>
<var>${body}</var>
<arg>username=${ADMIN_USERNAME}</arg>
<arg>password=${ADMIN_PASSWORD}</arg>
<doc>Creates and returns a dictionary based on the given ``items``.</doc>
<status status="PASS" start="2026-05-03T22:23:48.294600" elapsed="0.000491"/>
</kw>
<kw name="Create Session" owner="RequestsLibrary">
<msg time="2026-05-03T22:23:48.295447" level="INFO">Creating Session using : alias=auth_session, url=https://restful-booker.herokuapp.com, headers={},                     cookies={}, auth=None, timeout=10, proxies=None, verify=False,                     debug=0 </msg>
<arg>auth_session</arg>
<arg>${BASE_URL}</arg>
<arg>timeout=${TIMEOUT}</arg>
<doc>Create Session: create a HTTP session to a server</doc>
<status status="PASS" start="2026-05-03T22:23:48.295218" elapsed="0.000405"/>
</kw>
<kw name="POST On Session" owner="RequestsLibrary">
<msg time="2026-05-03T22:23:48.682017" level="INFO">POST Request : url=https://restful-booker.herokuapp.com/auth 
 path_url=/auth 
 headers={'User-Agent': 'python-requests/2.33.1', 'Accept-Encoding': 'gzip, deflate, zstd', 'Accept': '*/*', 'Connection': 'keep-alive', 'Content-Length': '48', 'Content-Type': 'application/json'} 
 body=b'{"username": "admin", "password": "password123"}' 
 </msg>
<msg time="2026-05-03T22:23:48.682159" level="INFO">POST Response : url=https://restful-booker.herokuapp.com/auth 
 status=200, reason=OK 
 headers={'Content-Length': '27', 'Content-Type': 'application/json; charset=utf-8', 'Date': 'Sun, 03 May 2026 20:23:48 GMT', 'Etag': 'W/"1b-gUJkRw5itVWuyfk/TDsSbaqQgRM"', 'Nel': '{"report_to":"heroku-nel","response_headers":["Via"],"max_age":3600,"success_fraction":0.01,"failure_fraction":0.1}', 'Report-To': '{"group":"heroku-nel","endpoints":[{"url":"https://nel.heroku.com/reports?s=zDCAm0m9ICHMVOWGkcaDmwFvjhGgvFf6r8KvSbXxlh4%3D\\u0026sid=c46efe9b-d3d2-4a0c-8c76-bfafa16c5add\\u0026ts=1777839828"}],"max_age":3600}', 'Reporting-Endpoints': 'heroku-nel="https://nel.heroku.com/reports?s=zDCAm0m9ICHMVOWGkcaDmwFvjhGgvFf6r8KvSbXxlh4%3D&amp;sid=c46efe9b-d3d2-4a0c-8c76-bfafa16c5add&amp;ts=1777839828"', 'Server': 'Heroku', 'Via': '1.1 heroku-router', 'X-Powered-By': 'Express'} 
 body={"token":"19c5e2a6368330d"} 
 </msg>
<msg time="2026-05-03T22:23:48.682260" level="INFO">/Library/Frameworks/Python.framework/Versions/3.14/lib/python3.14/site-packages/urllib3/connectionpool.py:1097: InsecureRequestWarning: Unverified HTTPS request is being made to host 'restful-booker.herokuapp.com'. Adding certificate verification is strongly advised. See: https://urllib3.readthedocs.io/en/latest/advanced-usage.html#tls-warnings
  warnings.warn(</msg>
<msg time="2026-05-03T22:23:48.682450" level="INFO">${response} = &lt;Response [200]&gt;</msg>
<var>${response}</var>
<arg>auth_session</arg>
<arg>/auth</arg>
<arg>json=${body}</arg>
<doc>Sends a POST request on a previously created HTTP Session.</doc>
<status status="PASS" start="2026-05-03T22:23:48.295744" elapsed="0.386740"/>
</kw>
<kw name="Should Be Equal As Integers" owner="BuiltIn">
<msg time="2026-05-03T22:23:48.683774" level="INFO">Argument types are:
&lt;class 'int'&gt;
&lt;class 'str'&gt;</msg>
<arg>${response.status_code}</arg>
<arg>200</arg>
<doc>Fails if objects are unequal after converting them to integers.</doc>
<status status="PASS" start="2026-05-03T22:23:48.682711" elapsed="0.001139"/>
</kw>
<kw name="Set Variable" owner="BuiltIn">
<msg time="2026-05-03T22:23:48.684900" level="INFO">${token} = 19c5e2a6368330d</msg>
<var>${token}</var>
<arg>${response.json()['token']}</arg>
<doc>Returns the given values which can then be assigned to a variables.</doc>
<status status="PASS" start="2026-05-03T22:23:48.683982" elapsed="0.001019"/>
</kw>
<return>
<value>${token}</value>
<status status="PASS" start="2026-05-03T22:23:48.685106" elapsed="0.000093"/>
</return>
<msg time="2026-05-03T22:23:48.685465" level="INFO">${token} = 19c5e2a6368330d</msg>
<var>${token}</var>
<status status="PASS" start="2026-05-03T22:23:48.294332" elapsed="0.391178"/>
</kw>
<kw name="Create Booking" owner="booking_keywords">
<kw name="Create Dictionary" owner="BuiltIn">
<msg time="2026-05-03T22:23:48.687260" level="INFO">${headers} = {'Content-Type': 'application/json', 'Accept': 'application/json', 'Cookie': 'token=19c5e2a6368330d'}</msg>
<var>${headers}</var>
<arg>Content-Type=${CONTENT_TYPE}</arg>
<arg>Accept=${ACCEPT}</arg>
<arg>Cookie=token=${token}</arg>
<doc>Creates and returns a dictionary based on the given ``items``.</doc>
<status status="PASS" start="2026-05-03T22:23:48.686569" elapsed="0.000737"/>
</kw>
<kw name="Create Dictionary" owner="BuiltIn">
<msg time="2026-05-03T22:23:48.688211" level="INFO">${body} = {'firstname': 'Yakup', 'lastname': 'Demir', 'totalprice': '150', 'depositpaid': 'true', 'additionalneeds': 'Breakfast'}</msg>
<var>${body}</var>
<arg>firstname=${FIRSTNAME}</arg>
<arg>lastname=${LASTNAME}</arg>
<arg>totalprice=${TOTAL_PRICE}</arg>
<arg>depositpaid=${DEPOSIT_PAID}</arg>
<arg>additionalneeds=${ADDITIONAL_NEEDS}</arg>
<doc>Creates and returns a dictionary based on the given ``items``.</doc>
<status status="PASS" start="2026-05-03T22:23:48.687479" elapsed="0.000779"/>
</kw>
<kw name="Create Dictionary" owner="BuiltIn">
<msg time="2026-05-03T22:23:48.689107" level="INFO">${dates} = {'checkin': '2026-06-01', 'checkout': '2026-06-10'}</msg>
<var>${dates}</var>
<arg>checkin=${CHECKIN}</arg>
<arg>checkout=${CHECKOUT}</arg>
<doc>Creates and returns a dictionary based on the given ``items``.</doc>
<status status="PASS" start="2026-05-03T22:23:48.688547" elapsed="0.000598"/>
</kw>
<kw name="Set To Dictionary" owner="Collections">
<arg>${body}</arg>
<arg>bookingdates=${dates}</arg>
<doc>Adds the given ``key_value_pairs`` and/or ``items`` to the ``dictionary``.</doc>
<status status="PASS" start="2026-05-03T22:23:48.689262" elapsed="0.000217"/>
</kw>
<kw name="Create Session" owner="RequestsLibrary">
<msg time="2026-05-03T22:23:48.689767" level="INFO">Creating Session using : alias=booking_session, url=https://restful-booker.herokuapp.com, headers={},                     cookies={}, auth=None, timeout=10, proxies=None, verify=False,                     debug=0 </msg>
<arg>booking_session</arg>
<arg>${BASE_URL}</arg>
<arg>timeout=${TIMEOUT}</arg>
<doc>Create Session: create a HTTP session to a server</doc>
<status status="PASS" start="2026-05-03T22:23:48.689582" elapsed="0.000330"/>
</kw>
<kw name="POST On Session" owner="RequestsLibrary">
<msg time="2026-05-03T22:23:49.081862" level="INFO">POST Request : url=https://restful-booker.herokuapp.com/booking 
 path_url=/booking 
 headers={'User-Agent': 'python-requests/2.33.1', 'Accept-Encoding': 'gzip, deflate, zstd', 'Accept': 'application/json', 'Connection': 'keep-alive', 'Content-Type': 'application/json', 'Cookie': 'token=19c5e2a6368330d', 'Content-Length': '188'} 
 body=b'{"firstname": "Yakup", "lastname": "Demir", "totalprice": "150", "depositpaid": "true", "additionalneeds": "Breakfast", "bookingdates": {"checkin": "2026-06-01", "checkout": "2026-06-10"}}' 
 </msg>
<msg time="2026-05-03T22:23:49.082005" level="INFO">POST Response : url=https://restful-booker.herokuapp.com/booking 
 status=200, reason=OK 
 headers={'Content-Length': '199', 'Content-Type': 'application/json; charset=utf-8', 'Date': 'Sun, 03 May 2026 20:23:49 GMT', 'Etag': 'W/"c7-+LYcmNgUih4M0WZdUBWzXATSNaE"', 'Nel': '{"report_to":"heroku-nel","response_headers":["Via"],"max_age":3600,"success_fraction":0.01,"failure_fraction":0.1}', 'Report-To': '{"group":"heroku-nel","endpoints":[{"url":"https://nel.heroku.com/reports?s=xb3cRtm4m9Vm5TW4EJzVKHAWV3aXbnjcOTvlEVVuj8A%3D\\u0026sid=c46efe9b-d3d2-4a0c-8c76-bfafa16c5add\\u0026ts=1777839829"}],"max_age":3600}', 'Reporting-Endpoints': 'heroku-nel="https://nel.heroku.com/reports?s=xb3cRtm4m9Vm5TW4EJzVKHAWV3aXbnjcOTvlEVVuj8A%3D&amp;sid=c46efe9b-d3d2-4a0c-8c76-bfafa16c5add&amp;ts=1777839829"', 'Server': 'Heroku', 'Via': '1.1 heroku-router', 'X-Powered-By': 'Express'} 
 body={"bookingid":1396,"booking":{"firstname":"Yakup","lastname":"Demir","totalprice":150,"depositpaid":true,"bookingdates":{"checkin":"2026-06-01","checkout":"2026-06-10"},"additionalneeds":"Breakfast"}} 
 </msg>
<msg time="2026-05-03T22:23:49.082106" level="INFO">/Library/Frameworks/Python.framework/Versions/3.14/lib/python3.14/site-packages/urllib3/connectionpool.py:1097: InsecureRequestWarning: Unverified HTTPS request is being made to host 'restful-booker.herokuapp.com'. Adding certificate verification is strongly advised. See: https://urllib3.readthedocs.io/en/latest/advanced-usage.html#tls-warnings
  warnings.warn(</msg>
<msg time="2026-05-03T22:23:49.082306" level="INFO">${response} = &lt;Response [200]&gt;</msg>
<var>${response}</var>
<arg>booking_session</arg>
<arg>/booking</arg>
<arg>json=${body}</arg>
<arg>headers=${headers}</arg>
<doc>Sends a POST request on a previously created HTTP Session.</doc>
<status status="PASS" start="2026-05-03T22:23:48.690009" elapsed="0.392332"/>
</kw>
<kw name="Should Be Equal As Integers" owner="BuiltIn">
<msg time="2026-05-03T22:23:49.083572" level="INFO">Argument types are:
&lt;class 'int'&gt;
&lt;class 'str'&gt;</msg>
<arg>${response.status_code}</arg>
<arg>200</arg>
<doc>Fails if objects are unequal after converting them to integers.</doc>
<status status="PASS" start="2026-05-03T22:23:49.082572" elapsed="0.001075"/>
</kw>
<kw name="Convert To String" owner="BuiltIn">
<msg time="2026-05-03T22:23:49.084545" level="INFO">${booking_id} = 1396</msg>
<var>${booking_id}</var>
<arg>${response.json()['bookingid']}</arg>
<doc>Converts the given item to a Unicode string.</doc>
<status status="PASS" start="2026-05-03T22:23:49.083786" elapsed="0.000789"/>
</kw>
<return>
<value>${booking_id}</value>
<status status="PASS" start="2026-05-03T22:23:49.084643" elapsed="0.000057"/>
</return>
<msg time="2026-05-03T22:23:49.084880" level="INFO">${booking_id} = 1396</msg>
<var>${booking_id}</var>
<arg>${token}</arg>
<status status="PASS" start="2026-05-03T22:23:48.686036" elapsed="0.398879"/>
</kw>
<kw name="Delete Booking With Invalid Token" owner="booking_keywords">
<kw name="Create Dictionary" owner="BuiltIn">
<msg time="2026-05-03T22:23:49.086401" level="INFO">${headers} = {'Content-Type': 'application/json', 'Cookie': 'token=invalid_token'}</msg>
<var>${headers}</var>
<arg>Content-Type=${CONTENT_TYPE}</arg>
<arg>Cookie=token=invalid_token</arg>
<doc>Creates and returns a dictionary based on the given ``items``.</doc>
<status status="PASS" start="2026-05-03T22:23:49.085809" elapsed="0.000636"/>
</kw>
<kw name="Create Session" owner="RequestsLibrary">
<msg time="2026-05-03T22:23:49.086927" level="INFO">Creating Session using : alias=booking_session, url=https://restful-booker.herokuapp.com, headers={},                     cookies={}, auth=None, timeout=10, proxies=None, verify=False,                     debug=0 </msg>
<arg>booking_session</arg>
<arg>${BASE_URL}</arg>
<arg>timeout=${TIMEOUT}</arg>
<doc>Create Session: create a HTTP session to a server</doc>
<status status="PASS" start="2026-05-03T22:23:49.086620" elapsed="0.000504"/>
</kw>
<kw name="DELETE On Session" owner="RequestsLibrary">
<msg time="2026-05-03T22:23:49.474315" level="INFO">DELETE Request : url=https://restful-booker.herokuapp.com/booking/1396 
 path_url=/booking/1396 
 headers={'User-Agent': 'python-requests/2.33.1', 'Accept-Encoding': 'gzip, deflate, zstd', 'Accept': '*/*', 'Connection': 'keep-alive', 'Content-Type': 'application/json', 'Cookie': 'token=invalid_token', 'Content-Length': '0'} 
 body=None 
 </msg>
<msg time="2026-05-03T22:23:49.474516" level="INFO">DELETE Response : url=https://restful-booker.herokuapp.com/booking/1396 
 status=403, reason=Forbidden 
 headers={'Content-Length': '9', 'Content-Type': 'text/plain; charset=utf-8', 'Date': 'Sun, 03 May 2026 20:23:49 GMT', 'Etag': 'W/"9-PatfYBLj4Um1qTm5zrukoLhNyPU"', 'Nel': '{"report_to":"heroku-nel","response_headers":["Via"],"max_age":3600,"success_fraction":0.01,"failure_fraction":0.1}', 'Report-To': '{"group":"heroku-nel","endpoints":[{"url":"https://nel.heroku.com/reports?s=xb3cRtm4m9Vm5TW4EJzVKHAWV3aXbnjcOTvlEVVuj8A%3D\\u0026sid=c46efe9b-d3d2-4a0c-8c76-bfafa16c5add\\u0026ts=1777839829"}],"max_age":3600}', 'Reporting-Endpoints': 'heroku-nel="https://nel.heroku.com/reports?s=xb3cRtm4m9Vm5TW4EJzVKHAWV3aXbnjcOTvlEVVuj8A%3D&amp;sid=c46efe9b-d3d2-4a0c-8c76-bfafa16c5add&amp;ts=1777839829"', 'Server': 'Heroku', 'Via': '1.1 heroku-router', 'X-Powered-By': 'Express'} 
 body=Forbidden 
 </msg>
<msg time="2026-05-03T22:23:49.474697" level="INFO">/Library/Frameworks/Python.framework/Versions/3.14/lib/python3.14/site-packages/urllib3/connectionpool.py:1097: InsecureRequestWarning: Unverified HTTPS request is being made to host 'restful-booker.herokuapp.com'. Adding certificate verification is strongly advised. See: https://urllib3.readthedocs.io/en/latest/advanced-usage.html#tls-warnings
  warnings.warn(</msg>
<msg time="2026-05-03T22:23:49.474907" level="INFO">${response} = &lt;Response [403]&gt;</msg>
<var>${response}</var>
<arg>booking_session</arg>
<arg>/booking/${booking_id}</arg>
<arg>headers=${headers}</arg>
<arg>expected_status=403</arg>
<doc>Sends a DELETE request on a previously created HTTP Session.</doc>
<status status="PASS" start="2026-05-03T22:23:49.087258" elapsed="0.387683"/>
</kw>
<return>
<value>${response}</value>
<status status="PASS" start="2026-05-03T22:23:49.475054" elapsed="0.000072"/>
</return>
<msg time="2026-05-03T22:23:49.475381" level="INFO">${response} = &lt;Response [403]&gt;</msg>
<var>${response}</var>
<arg>${booking_id}</arg>
<status status="PASS" start="2026-05-03T22:23:49.085277" elapsed="0.390151"/>
</kw>
<kw name="Should Be Equal As Integers" owner="BuiltIn">
<msg time="2026-05-03T22:23:49.476994" level="INFO">Argument types are:
&lt;class 'int'&gt;
&lt;class 'str'&gt;</msg>
<arg>${response.status_code}</arg>
<arg>403</arg>
<doc>Fails if objects are unequal after converting them to integers.</doc>
<status status="PASS" start="2026-05-03T22:23:49.475733" elapsed="0.001354"/>
</kw>
<status status="PASS" start="2026-05-03T22:23:48.293795" elapsed="1.183488"/>
</test>
<status status="PASS" start="2026-05-03T22:23:45.521750" elapsed="3.955914"/>
</suite>
<suite id="s1-s2-s2" name="Get Tests" source="/Users/yakupdemir/PycharmProjects/PythonProject/PythonProject/PythonProject/abnDENEME/api-test-automation/tests/booking/get_tests.robot">
<test id="s1-s2-s2-t1" name="TC01 - All Bookings Should Be Listed" line="9">
<kw name="Create Session" owner="RequestsLibrary">
<msg time="2026-05-03T22:23:49.482765" level="INFO">Creating Session using : alias=booking_session, url=https://restful-booker.herokuapp.com, headers={},                     cookies={}, auth=None, timeout=10, proxies=None, verify=False,                     debug=0 </msg>
<arg>booking_session</arg>
<arg>${BASE_URL}</arg>
<arg>timeout=${TIMEOUT}</arg>
<doc>Create Session: create a HTTP session to a server</doc>
<status status="PASS" start="2026-05-03T22:23:49.482532" elapsed="0.000385"/>
</kw>
<kw name="GET On Session" owner="RequestsLibrary">
<msg time="2026-05-03T22:23:49.870725" level="INFO">GET Request : url=https://restful-booker.herokuapp.com/booking 
 path_url=/booking 
 headers={'User-Agent': 'python-requests/2.33.1', 'Accept-Encoding': 'gzip, deflate, zstd', 'Accept': '*/*', 'Connection': 'keep-alive'} 
 body=None 
 </msg>
<msg time="2026-05-03T22:23:49.870921" level="INFO">GET Response : url=https://restful-booker.herokuapp.com/booking 
 status=200, reason=OK 
 headers={'Content-Length': '17553', 'Content-Type': 'application/json; charset=utf-8', 'Date': 'Sun, 03 May 2026 20:23:49 GMT', 'Etag': 'W/"4491-7LOB6OcMXdiT60POpjLl5uh2KnQ"', 'Nel': '{"report_to":"heroku-nel","response_headers":["Via"],"max_age":3600,"success_fraction":0.01,"failure_fraction":0.1}', 'Report-To': '{"group":"heroku-nel","endpoints":[{"url":"https://nel.heroku.com/reports?s=xb3cRtm4m9Vm5TW4EJzVKHAWV3aXbnjcOTvlEVVuj8A%3D\\u0026sid=c46efe9b-d3d2-4a0c-8c76-bfafa16c5add\\u0026ts=1777839829"}],"max_age":3600}', 'Reporting-Endpoints': 'heroku-nel="https://nel.heroku.com/reports?s=xb3cRtm4m9Vm5TW4EJzVKHAWV3aXbnjcOTvlEVVuj8A%3D&amp;sid=c46efe9b-d3d2-4a0c-8c76-bfafa16c5add&amp;ts=1777839829"', 'Server': 'Heroku', 'Via': '1.1 heroku-router', 'X-Powered-By': 'Express'} 
 body=[{"bookingid":1},{"bookingid":2},{"bookingid":3},{"bookingid":4},{"bookingid":5},{"bookingid":6},{"bookingid":7},{"bookingid":8},{"bookingid":9},{"bookingid":10},{"bookingid":11},{"bookingid":12},{"bookingid":13},{"bookingid":14},{"bookingid":15},{"bookingid":16},{"bookingid":17},{"bookingid":18},{"bookingid":19},{"bookingid":20},{"bookingid":21},{"bookingid":22},{"bookingid":24},{"bookingid":25},{"bookingid":26},{"bookingid":27},{"bookingid":28},{"bookingid":29},{"bookingid":31},{"bookingid":32},{"bookingid":33},{"bookingid":34},{"bookingid":35},{"bookingid":36},{"bookingid":37},{"bookingid":38},{"bookingid":40},{"bookingid":41},{"bookingid":43},{"bookingid":44},{"bookingid":45},{"bookingid":46},{"bookingid":47},{"bookingid":48},{"bookingid":49},{"bookingid":53},{"bookingid":54},{"bookingid":56},{"bookingid":57},{"bookingid":59},{"bookingid":60},{"bookingid":62},{"bookingid":63},{"bookingid":65},{"bookingid":66},{"bookingid":68},{"bookingid":69},{"bookingid":71},{"bookingid":72},{"bookingid":73},{"bookingid":74},{"bookingid":75},{"bookingid":77},{"bookingid":79},{"bookingid":81},{"bookingid":82},{"bookingid":83},{"bookingid":85},{"bookingid":86},{"bookingid":88},{"bookingid":89},{"bookingid":90},{"bookingid":92},{"bookingid":94},{"bookingid":95},{"bookingid":96},{"bookingid":98},{"bookingid":99},{"bookingid":100},{"bookingid":102},{"bookingid":103},{"bookingid":104},{"bookingid":106},{"bookingid":108},{"bookingid":109},{"bookingid":111},{"bookingid":112},{"bookingid":114},{"bookingid":115},{"bookingid":116},{"bookingid":117},{"bookingid":118},{"bookingid":121},{"bookingid":122},{"bookingid":123},{"bookingid":124},{"bookingid":125},{"bookingid":126},{"bookingid":130},{"bookingid":131},{"bookingid":132},{"bookingid":133},{"bookingid":136},{"bookingid":137},{"bookingid":138},{"bookingid":139},{"bookingid":142},{"bookingid":143},{"bookingid":145},{"bookingid":146},{"bookingid":148},{"bookingid":149},{"bookingid":151},{"bookingid":152},{"bookingid":153},{"bookingid":154},{"bookingid":155},{"bookingid":157},{"bookingid":160},{"bookingid":161},{"bookingid":162},{"bookingid":164},{"bookingid":165},{"bookingid":166},{"bookingid":167},{"bookingid":170},{"bookingid":171},{"bookingid":172},{"bookingid":173},{"bookingid":175},{"bookingid":177},{"bookingid":178},{"bookingid":179},{"bookingid":180},{"bookingid":182},{"bookingid":183},{"bookingid":184},{"bookingid":186},{"bookingid":188},{"bookingid":189},{"bookingid":191},{"bookingid":192},{"bookingid":193},{"bookingid":195},{"bookingid":196},{"bookingid":197},{"bookingid":199},{"bookingid":200},{"bookingid":202},{"bookingid":204},{"bookingid":205},{"bookingid":206},{"bookingid":207},{"bookingid":209},{"bookingid":210},{"bookingid":213},{"bookingid":214},{"bookingid":215},{"bookingid":216},{"bookingid":219},{"bookingid":220},{"bookingid":221},{"bookingid":222},{"bookingid":225},{"bookingid":226},{"bookingid":227},{"bookingid":228},{"bookingid":231},{"bookingid":232},{"bookingid":233},{"bookingid":234},{"bookingid":237},{"bookingid":238},{"bookingid":240},{"bookingid":241},{"bookingid":242},{"bookingid":244},{"bookingid":245},{"bookingid":246},{"bookingid":247},{"bookingid":249},{"bookingid":252},{"bookingid":253},{"bookingid":254},{"bookingid":255},{"bookingid":257},{"bookingid":259},{"bookingid":260},{"bookingid":261},{"bookingid":262},{"bookingid":265},{"bookingid":266},{"bookingid":267},{"bookingid":268},{"bookingid":270},{"bookingid":271},{"bookingid":272},{"bookingid":273},{"bookingid":275},{"bookingid":277},{"bookingid":278},{"bookingid":280},{"bookingid":281},{"bookingid":282},{"bookingid":284},{"bookingid":286},{"bookingid":287},{"bookingid":289},{"bookingid":290},{"bookingid":291},{"bookingid":292},{"bookingid":294},{"bookingid":296},{"bookingid":297},{"bookingid":298},{"bookingid":300},{"bookingid":301},{"bookingid":303},{"bookingid":304},{"bookingid":306},{"bookingid":307},{"bookingid":309},{"bookingid":311},{"bookingid":312},{"bookingid":314},{"bookingid":315},{"bookingid":317},{"bookingid":318},{"bookingid":320},{"bookingid":321},{"bookingid":322},{"bookingid":323},{"bookingid":324},{"bookingid":325},{"bookingid":329},{"bookingid":330},{"bookingid":331},{"bookingid":333},{"bookingid":334},{"bookingid":335},{"bookingid":337},{"bookingid":339},{"bookingid":340},{"bookingid":341},{"bookingid":342},{"bookingid":343},{"bookingid":344},{"bookingid":346},{"bookingid":348},{"bookingid":350},{"bookingid":351},{"bookingid":353},{"bookingid":354},{"bookingid":355},{"bookingid":357},{"bookingid":358},{"bookingid":360},{"bookingid":361},{"bookingid":363},{"bookingid":364},{"bookingid":366},{"bookingid":367},{"bookingid":368},{"bookingid":369},{"bookingid":372},{"bookingid":373},{"bookingid":374},{"bookingid":375},{"bookingid":376},{"bookingid":379},{"bookingid":380},{"bookingid":381},{"bookingid":382},{"bookingid":385},{"bookingid":386},{"bookingid":387},{"bookingid":388},{"bookingid":391},{"bookingid":392},{"bookingid":393},{"bookingid":394},{"bookingid":397},{"bookingid":398},{"bookingid":399},{"bookingid":400},{"bookingid":403},{"bookingid":404},{"bookingid":405},{"bookingid":406},{"bookingid":409},{"bookingid":410},{"bookingid":412},{"bookingid":413},{"bookingid":414},{"bookingid":415},{"bookingid":417},{"bookingid":418},{"bookingid":419},{"bookingid":422},{"bookingid":424},{"bookingid":425},{"bookingid":426},{"bookingid":427},{"bookingid":429},{"bookingid":430},{"bookingid":432},{"bookingid":433},{"bookingid":434},{"bookingid":435},{"bookingid":437},{"bookingid":439},{"bookingid":440},{"bookingid":441},{"bookingid":443},{"bookingid":444},{"bookingid":445},{"bookingid":447},{"bookingid":448},{"bookingid":450},{"bookingid":452},{"bookingid":453},{"bookingid":454},{"bookingid":455},{"bookingid":456},{"bookingid":458},{"bookingid":461},{"bookingid":462},{"bookingid":463},{"bookingid":464},{"bookingid":466},{"bookingid":467},{"bookingid":470},{"bookingid":471},{"bookingid":472},{"bookingid":473},{"bookingid":475},{"bookingid":476},{"bookingid":478},{"bookingid":479},{"bookingid":481},{"bookingid":482},{"bookingid":484},{"bookingid":486},{"bookingid":487},{"bookingid":488},{"bookingid":490},{"bookingid":492},{"bookingid":493},{"bookingid":494},{"bookingid":496},{"bookingid":498},{"bookingid":499},{"bookingid":501},{"bookingid":502},{"bookingid":503},{"bookingid":505},{"bookingid":506},{"bookingid":507},{"bookingid":508},{"bookingid":511},{"bookingid":513},{"bookingid":514},{"bookingid":516},{"bookingid":517},{"bookingid":518},{"bookingid":519},{"bookingid":521},{"bookingid":522},{"bookingid":524},{"bookingid":525},{"bookingid":526},{"bookingid":527},{"bookingid":528},{"bookingid":529},{"bookingid":532},{"bookingid":533},{"bookingid":535},{"bookingid":536},{"bookingid":537},{"bookingid":539},{"bookingid":541},{"bookingid":542},{"bookingid":544},{"bookingid":545},{"bookingid":547},{"bookingid":548},{"bookingid":549},{"bookingid":550},{"bookingid":553},{"bookingid":554},{"bookingid":555},{"bookingid":556},{"bookingid":557},{"bookingid":559},{"bookingid":560},{"bookingid":563},{"bookingid":564},{"bookingid":565},{"bookingid":567},{"bookingid":569},{"bookingid":570},{"bookingid":571},{"bookingid":573},{"bookingid":575},{"bookingid":576},{"bookingid":578},{"bookingid":579},{"bookingid":581},{"bookingid":582},{"bookingid":584},{"bookingid":585},{"bookingid":586},{"bookingid":587},{"bookingid":588},{"bookingid":589},{"bookingid":593},{"bookingid":594},{"bookingid":596},{"bookingid":597},{"bookingid":598},{"bookingid":599},{"bookingid":601},{"bookingid":603},{"bookingid":604},{"bookingid":605},{"bookingid":606},{"bookingid":607},{"bookingid":610},{"bookingid":611},{"bookingid":612},{"bookingid":613},{"bookingid":615},{"bookingid":616},{"bookingid":617},{"bookingid":619},{"bookingid":620},{"bookingid":622},{"bookingid":624},{"bookingid":625},{"bookingid":626},{"bookingid":628},{"bookingid":630},{"bookingid":631},{"bookingid":633},{"bookingid":634},{"bookingid":636},{"bookingid":637},{"bookingid":638},{"bookingid":639},{"bookingid":640},{"bookingid":641},{"bookingid":643},{"bookingid":646},{"bookingid":647},{"bookingid":648},{"bookingid":650},{"bookingid":652},{"bookingid":653},{"bookingid":654},{"bookingid":656},{"bookingid":658},{"bookingid":659},{"bookingid":660},{"bookingid":662},{"bookingid":664},{"bookingid":665},{"bookingid":667},{"bookingid":668},{"bookingid":669},{"bookingid":670},{"bookingid":671},{"bookingid":673},{"bookingid":675},{"bookingid":676},{"bookingid":678},{"bookingid":680},{"bookingid":681},{"bookingid":682},{"bookingid":683},{"bookingid":685},{"bookingid":687},{"bookingid":688},{"bookingid":689},{"bookingid":690},{"bookingid":691},{"bookingid":692},{"bookingid":695},{"bookingid":696},{"bookingid":697},{"bookingid":699},{"bookingid":700},{"bookingid":701},{"bookingid":702},{"bookingid":705},{"bookingid":706},{"bookingid":708},{"bookingid":709},{"bookingid":711},{"bookingid":712},{"bookingid":713},{"bookingid":714},{"bookingid":717},{"bookingid":718},{"bookingid":719},{"bookingid":720},{"bookingid":723},{"bookingid":724},{"bookingid":725},{"bookingid":726},{"bookingid":727},{"bookingid":730},{"bookingid":731},{"bookingid":732},{"bookingid":733},{"bookingid":736},{"bookingid":737},{"bookingid":738},{"bookingid":739},{"bookingid":742},{"bookingid":743},{"bookingid":744},{"bookingid":745},{"bookingid":748},{"bookingid":749},{"bookingid":750},{"bookingid":751},{"bookingid":754},{"bookingid":755},{"bookingid":757},{"bookingid":758},{"bookingid":759},{"bookingid":760},{"bookingid":761},{"bookingid":762},{"bookingid":766},{"bookingid":767},{"bookingid":769},{"bookingid":770},{"bookingid":771},{"bookingid":772},{"bookingid":773},{"bookingid":776},{"bookingid":777},{"bookingid":779},{"bookingid":780},{"bookingid":781},{"bookingid":782},{"bookingid":784},{"bookingid":785},{"bookingid":786},{"bookingid":788},{"bookingid":789},{"bookingid":790},{"bookingid":792},{"bookingid":794},{"bookingid":795},{"bookingid":797},{"bookingid":798},{"bookingid":799},{"bookingid":801},{"book... (set the log level to DEBUG or TRACE to see the full content) 
 </msg>
<msg time="2026-05-03T22:23:49.871229" level="INFO">/Library/Frameworks/Python.framework/Versions/3.14/lib/python3.14/site-packages/urllib3/connectionpool.py:1097: InsecureRequestWarning: Unverified HTTPS request is being made to host 'restful-booker.herokuapp.com'. Adding certificate verification is strongly advised. See: https://urllib3.readthedocs.io/en/latest/advanced-usage.html#tls-warnings
  warnings.warn(</msg>
<msg time="2026-05-03T22:23:49.871446" level="INFO">${response} = &lt;Response [200]&gt;</msg>
<var>${response}</var>
<arg>booking_session</arg>
<arg>/booking</arg>
<doc>Sends a GET request on a previously created HTTP Session.</doc>
<status status="PASS" start="2026-05-03T22:23:49.483054" elapsed="0.388432"/>
</kw>
<kw name="Should Be Equal As Integers" owner="BuiltIn">
<msg time="2026-05-03T22:23:49.872799" level="INFO">Argument types are:
&lt;class 'int'&gt;
&lt;class 'str'&gt;</msg>
<arg>${response.status_code}</arg>
<arg>200</arg>
<doc>Fails if objects are unequal after converting them to integers.</doc>
<status status="PASS" start="2026-05-03T22:23:49.871776" elapsed="0.001105"/>
</kw>
<kw name="Log" owner="BuiltIn">
<msg time="2026-05-03T22:23:49.874719" level="INFO">[{'bookingid': 1}, {'bookingid': 2}, {'bookingid': 3}, {'bookingid': 4}, {'bookingid': 5}, {'bookingid': 6}, {'bookingid': 7}, {'bookingid': 8}, {'bookingid': 9}, {'bookingid': 10}, {'bookingid': 11}, {'bookingid': 12}, {'bookingid': 13}, {'bookingid': 14}, {'bookingid': 15}, {'bookingid': 16}, {'bookingid': 17}, {'bookingid': 18}, {'bookingid': 19}, {'bookingid': 20}, {'bookingid': 21}, {'bookingid': 22}, {'bookingid': 24}, {'bookingid': 25}, {'bookingid': 26}, {'bookingid': 27}, {'bookingid': 28}, {'bookingid': 29}, {'bookingid': 31}, {'bookingid': 32}, {'bookingid': 33}, {'bookingid': 34}, {'bookingid': 35}, {'bookingid': 36}, {'bookingid': 37}, {'bookingid': 38}, {'bookingid': 40}, {'bookingid': 41}, {'bookingid': 43}, {'bookingid': 44}, {'bookingid': 45}, {'bookingid': 46}, {'bookingid': 47}, {'bookingid': 48}, {'bookingid': 49}, {'bookingid': 53}, {'bookingid': 54}, {'bookingid': 56}, {'bookingid': 57}, {'bookingid': 59}, {'bookingid': 60}, {'bookingid': 62}, {'bookingid': 63}, {'bookingid': 65}, {'bookingid': 66}, {'bookingid': 68}, {'bookingid': 69}, {'bookingid': 71}, {'bookingid': 72}, {'bookingid': 73}, {'bookingid': 74}, {'bookingid': 75}, {'bookingid': 77}, {'bookingid': 79}, {'bookingid': 81}, {'bookingid': 82}, {'bookingid': 83}, {'bookingid': 85}, {'bookingid': 86}, {'bookingid': 88}, {'bookingid': 89}, {'bookingid': 90}, {'bookingid': 92}, {'bookingid': 94}, {'bookingid': 95}, {'bookingid': 96}, {'bookingid': 98}, {'bookingid': 99}, {'bookingid': 100}, {'bookingid': 102}, {'bookingid': 103}, {'bookingid': 104}, {'bookingid': 106}, {'bookingid': 108}, {'bookingid': 109}, {'bookingid': 111}, {'bookingid': 112}, {'bookingid': 114}, {'bookingid': 115}, {'bookingid': 116}, {'bookingid': 117}, {'bookingid': 118}, {'bookingid': 121}, {'bookingid': 122}, {'bookingid': 123}, {'bookingid': 124}, {'bookingid': 125}, {'bookingid': 126}, {'bookingid': 130}, {'bookingid': 131}, {'bookingid': 132}, {'bookingid': 133}, {'bookingid': 136}, {'bookingid': 137}, {'bookingid': 138}, {'bookingid': 139}, {'bookingid': 142}, {'bookingid': 143}, {'bookingid': 145}, {'bookingid': 146}, {'bookingid': 148}, {'bookingid': 149}, {'bookingid': 151}, {'bookingid': 152}, {'bookingid': 153}, {'bookingid': 154}, {'bookingid': 155}, {'bookingid': 157}, {'bookingid': 160}, {'bookingid': 161}, {'bookingid': 162}, {'bookingid': 164}, {'bookingid': 165}, {'bookingid': 166}, {'bookingid': 167}, {'bookingid': 170}, {'bookingid': 171}, {'bookingid': 172}, {'bookingid': 173}, {'bookingid': 175}, {'bookingid': 177}, {'bookingid': 178}, {'bookingid': 179}, {'bookingid': 180}, {'bookingid': 182}, {'bookingid': 183}, {'bookingid': 184}, {'bookingid': 186}, {'bookingid': 188}, {'bookingid': 189}, {'bookingid': 191}, {'bookingid': 192}, {'bookingid': 193}, {'bookingid': 195}, {'bookingid': 196}, {'bookingid': 197}, {'bookingid': 199}, {'bookingid': 200}, {'bookingid': 202}, {'bookingid': 204}, {'bookingid': 205}, {'bookingid': 206}, {'bookingid': 207}, {'bookingid': 209}, {'bookingid': 210}, {'bookingid': 213}, {'bookingid': 214}, {'bookingid': 215}, {'bookingid': 216}, {'bookingid': 219}, {'bookingid': 220}, {'bookingid': 221}, {'bookingid': 222}, {'bookingid': 225}, {'bookingid': 226}, {'bookingid': 227}, {'bookingid': 228}, {'bookingid': 231}, {'bookingid': 232}, {'bookingid': 233}, {'bookingid': 234}, {'bookingid': 237}, {'bookingid': 238}, {'bookingid': 240}, {'bookingid': 241}, {'bookingid': 242}, {'bookingid': 244}, {'bookingid': 245}, {'bookingid': 246}, {'bookingid': 247}, {'bookingid': 249}, {'bookingid': 252}, {'bookingid': 253}, {'bookingid': 254}, {'bookingid': 255}, {'bookingid': 257}, {'bookingid': 259}, {'bookingid': 260}, {'bookingid': 261}, {'bookingid': 262}, {'bookingid': 265}, {'bookingid': 266}, {'bookingid': 267}, {'bookingid': 268}, {'bookingid': 270}, {'bookingid': 271}, {'bookingid': 272}, {'bookingid': 273}, {'bookingid': 275}, {'bookingid': 277}, {'bookingid': 278}, {'bookingid': 280}, {'bookingid': 281}, {'bookingid': 282}, {'bookingid': 284}, {'bookingid': 286}, {'bookingid': 287}, {'bookingid': 289}, {'bookingid': 290}, {'bookingid': 291}, {'bookingid': 292}, {'bookingid': 294}, {'bookingid': 296}, {'bookingid': 297}, {'bookingid': 298}, {'bookingid': 300}, {'bookingid': 301}, {'bookingid': 303}, {'bookingid': 304}, {'bookingid': 306}, {'bookingid': 307}, {'bookingid': 309}, {'bookingid': 311}, {'bookingid': 312}, {'bookingid': 314}, {'bookingid': 315}, {'bookingid': 317}, {'bookingid': 318}, {'bookingid': 320}, {'bookingid': 321}, {'bookingid': 322}, {'bookingid': 323}, {'bookingid': 324}, {'bookingid': 325}, {'bookingid': 329}, {'bookingid': 330}, {'bookingid': 331}, {'bookingid': 333}, {'bookingid': 334}, {'bookingid': 335}, {'bookingid': 337}, {'bookingid': 339}, {'bookingid': 340}, {'bookingid': 341}, {'bookingid': 342}, {'bookingid': 343}, {'bookingid': 344}, {'bookingid': 346}, {'bookingid': 348}, {'bookingid': 350}, {'bookingid': 351}, {'bookingid': 353}, {'bookingid': 354}, {'bookingid': 355}, {'bookingid': 357}, {'bookingid': 358}, {'bookingid': 360}, {'bookingid': 361}, {'bookingid': 363}, {'bookingid': 364}, {'bookingid': 366}, {'bookingid': 367}, {'bookingid': 368}, {'bookingid': 369}, {'bookingid': 372}, {'bookingid': 373}, {'bookingid': 374}, {'bookingid': 375}, {'bookingid': 376}, {'bookingid': 379}, {'bookingid': 380}, {'bookingid': 381}, {'bookingid': 382}, {'bookingid': 385}, {'bookingid': 386}, {'bookingid': 387}, {'bookingid': 388}, {'bookingid': 391}, {'bookingid': 392}, {'bookingid': 393}, {'bookingid': 394}, {'bookingid': 397}, {'bookingid': 398}, {'bookingid': 399}, {'bookingid': 400}, {'bookingid': 403}, {'bookingid': 404}, {'bookingid': 405}, {'bookingid': 406}, {'bookingid': 409}, {'bookingid': 410}, {'bookingid': 412}, {'bookingid': 413}, {'bookingid': 414}, {'bookingid': 415}, {'bookingid': 417}, {'bookingid': 418}, {'bookingid': 419}, {'booking
[...]
<arg>${booking['lastname']}</arg>
<arg>Demir</arg>
<doc>Fails if the given objects are unequal.</doc>
<status status="PASS" start="2026-05-03T22:24:00.209923" elapsed="0.000517"/>
</kw>
<kw name="Log" owner="BuiltIn">
<msg time="2026-05-03T22:24:00.210788" level="INFO">Booking validated: {'firstname': 'Yakup', 'lastname': 'Demir', 'totalprice': 150, 'depositpaid': True, 'bookingdates': {'checkin': '2026-06-01', 'checkout': '2026-06-10'}, 'additionalneeds': 'Breakfast'}</msg>
<arg>Booking validated: ${booking}</arg>
<doc>Logs the given message with the given level.</doc>
<status status="PASS" start="2026-05-03T22:24:00.210586" elapsed="0.000240"/>
</kw>
<kw name="Update Booking" owner="booking_keywords">
<kw name="Create Dictionary" owner="BuiltIn">
<msg time="2026-05-03T22:24:00.211695" level="INFO">${headers} = {'Content-Type': 'application/json', 'Accept': 'application/json', 'Cookie': 'token=0453f58029a148d'}</msg>
<var>${headers}</var>
<arg>Content-Type=${CONTENT_TYPE}</arg>
<arg>Accept=${ACCEPT}</arg>
<arg>Cookie=token=${token}</arg>
<doc>Creates and returns a dictionary based on the given ``items``.</doc>
<status status="PASS" start="2026-05-03T22:24:00.211321" elapsed="0.000403"/>
</kw>
<kw name="Create Dictionary" owner="BuiltIn">
<msg time="2026-05-03T22:24:00.212239" level="INFO">${body} = {'firstname': 'UpdatedName', 'lastname': 'Demir', 'totalprice': '200', 'depositpaid': 'true', 'additionalneeds': 'Breakfast'}</msg>
<var>${body}</var>
<arg>firstname=${UPDATED_FIRSTNAME}</arg>
<arg>lastname=${LASTNAME}</arg>
<arg>totalprice=${UPDATED_PRICE}</arg>
<arg>depositpaid=${DEPOSIT_PAID}</arg>
<arg>additionalneeds=${ADDITIONAL_NEEDS}</arg>
<doc>Creates and returns a dictionary based on the given ``items``.</doc>
<status status="PASS" start="2026-05-03T22:24:00.211824" elapsed="0.000446"/>
</kw>
<kw name="Create Dictionary" owner="BuiltIn">
<msg time="2026-05-03T22:24:00.212675" level="INFO">${dates} = {'checkin': '2026-06-01', 'checkout': '2026-06-10'}</msg>
<var>${dates}</var>
<arg>checkin=${CHECKIN}</arg>
<arg>checkout=${CHECKOUT}</arg>
<doc>Creates and returns a dictionary based on the given ``items``.</doc>
<status status="PASS" start="2026-05-03T22:24:00.212387" elapsed="0.000310"/>
</kw>
<kw name="Set To Dictionary" owner="Collections">
<arg>${body}</arg>
<arg>bookingdates=${dates}</arg>
<doc>Adds the given ``key_value_pairs`` and/or ``items`` to the ``dictionary``.</doc>
<status status="PASS" start="2026-05-03T22:24:00.212783" elapsed="0.000203"/>
</kw>
<kw name="Create Session" owner="RequestsLibrary">
<msg time="2026-05-03T22:24:00.213266" level="INFO">Creating Session using : alias=booking_session, url=https://restful-booker.herokuapp.com, headers={},                     cookies={}, auth=None, timeout=10, proxies=None, verify=False,                     debug=0 </msg>
<arg>booking_session</arg>
<arg>${BASE_URL}</arg>
<arg>timeout=${TIMEOUT}</arg>
<doc>Create Session: create a HTTP session to a server</doc>
<status status="PASS" start="2026-05-03T22:24:00.213091" elapsed="0.000314"/>
</kw>
<kw name="PUT On Session" owner="RequestsLibrary">
<msg time="2026-05-03T22:24:00.600502" level="INFO">PUT Request : url=https://restful-booker.herokuapp.com/booking/1505 
 path_url=/booking/1505 
 headers={'User-Agent': 'python-requests/2.33.1', 'Accept-Encoding': 'gzip, deflate, zstd', 'Accept': 'application/json', 'Connection': 'keep-alive', 'Content-Type': 'application/json', 'Cookie': 'token=0453f58029a148d', 'Content-Length': '194'} 
 body=b'{"firstname": "UpdatedName", "lastname": "Demir", "totalprice": "200", "depositpaid": "true", "additionalneeds": "Breakfast", "bookingdates": {"checkin": "2026-06-01", "checkout": "2026-06-10"}}' 
 </msg>
<msg time="2026-05-03T22:24:00.600772" level="INFO">PUT Response : url=https://restful-booker.herokuapp.com/booking/1505 
 status=200, reason=OK 
 headers={'Content-Length': '176', 'Content-Type': 'application/json; charset=utf-8', 'Date': 'Sun, 03 May 2026 20:24:00 GMT', 'Etag': 'W/"b0-458vP+MD32SLl1SvD9A9JIR5GEU"', 'Nel': '{"report_to":"heroku-nel","response_headers":["Via"],"max_age":3600,"success_fraction":0.01,"failure_fraction":0.1}', 'Report-To': '{"group":"heroku-nel","endpoints":[{"url":"https://nel.heroku.com/reports?s=dtgJYqE5kgrgla4ts8JjRwXXEZTEZre0ZVa0smmTkCo%3D\\u0026sid=c46efe9b-d3d2-4a0c-8c76-bfafa16c5add\\u0026ts=1777839840"}],"max_age":3600}', 'Reporting-Endpoints': 'heroku-nel="https://nel.heroku.com/reports?s=dtgJYqE5kgrgla4ts8JjRwXXEZTEZre0ZVa0smmTkCo%3D&amp;sid=c46efe9b-d3d2-4a0c-8c76-bfafa16c5add&amp;ts=1777839840"', 'Server': 'Heroku', 'Via': '1.1 heroku-router', 'X-Powered-By': 'Express'} 
 body={"firstname":"UpdatedName","lastname":"Demir","totalprice":200,"depositpaid":true,"bookingdates":{"checkin":"2026-06-01","checkout":"2026-06-10"},"additionalneeds":"Breakfast"} 
 </msg>
<msg time="2026-05-03T22:24:00.600982" level="INFO">/Library/Frameworks/Python.framework/Versions/3.14/lib/python3.14/site-packages/urllib3/connectionpool.py:1097: InsecureRequestWarning: Unverified HTTPS request is being made to host 'restful-booker.herokuapp.com'. Adding certificate verification is strongly advised. See: https://urllib3.readthedocs.io/en/latest/advanced-usage.html#tls-warnings
  warnings.warn(</msg>
<msg time="2026-05-03T22:24:00.601421" level="INFO">${response} = &lt;Response [200]&gt;</msg>
<var>${response}</var>
<arg>booking_session</arg>
<arg>/booking/${booking_id}</arg>
<arg>json=${body}</arg>
<arg>headers=${headers}</arg>
<doc>Sends a PUT request on a previously created HTTP Session.</doc>
<status status="PASS" start="2026-05-03T22:24:00.213497" elapsed="0.387997"/>
</kw>
<kw name="Should Be Equal As Integers" owner="BuiltIn">
<msg time="2026-05-03T22:24:00.603969" level="INFO">Argument types are:
&lt;class 'int'&gt;
&lt;class 'str'&gt;</msg>
<arg>${response.status_code}</arg>
<arg>200</arg>
<doc>Fails if objects are unequal after converting them to integers.</doc>
<status status="PASS" start="2026-05-03T22:24:00.601993" elapsed="0.002076"/>
</kw>
<return>
<value>${response.json()}</value>
<status status="PASS" start="2026-05-03T22:24:00.604158" elapsed="0.000076"/>
</return>
<msg time="2026-05-03T22:24:00.605092" level="INFO">${updated} = {'firstname': 'UpdatedName', 'lastname': 'Demir', 'totalprice': 200, 'depositpaid': True, 'bookingdates': {'checkin': '2026-06-01', 'checkout': '2026-06-10'}, 'additionalneeds': 'Breakfast'}</msg>
<var>${updated}</var>
<arg>${booking_id}</arg>
<arg>${token}</arg>
<status status="PASS" start="2026-05-03T22:24:00.211047" elapsed="0.394087"/>
</kw>
<kw name="Should Be Equal" owner="BuiltIn">
<arg>${updated['firstname']}</arg>
<arg>UpdatedName</arg>
<doc>Fails if the given objects are unequal.</doc>
<status status="PASS" start="2026-05-03T22:24:00.605430" elapsed="0.000976"/>
</kw>
<kw name="Log" owner="BuiltIn">
<msg time="2026-05-03T22:24:00.606881" level="INFO">Booking updated: {'firstname': 'UpdatedName', 'lastname': 'Demir', 'totalprice': 200, 'depositpaid': True, 'bookingdates': {'checkin': '2026-06-01', 'checkout': '2026-06-10'}, 'additionalneeds': 'Breakfast'}</msg>
<arg>Booking updated: ${updated}</arg>
<doc>Logs the given message with the given level.</doc>
<status status="PASS" start="2026-05-03T22:24:00.606577" elapsed="0.000365"/>
</kw>
<kw name="Delete Booking" owner="booking_keywords">
<kw name="Create Dictionary" owner="BuiltIn">
<msg time="2026-05-03T22:24:00.608775" level="INFO">${headers} = {'Content-Type': 'application/json', 'Cookie': 'token=0453f58029a148d'}</msg>
<var>${headers}</var>
<arg>Content-Type=${CONTENT_TYPE}</arg>
<arg>Cookie=token=${token}</arg>
<doc>Creates and returns a dictionary based on the given ``items``.</doc>
<status status="PASS" start="2026-05-03T22:24:00.608139" elapsed="0.000732"/>
</kw>
<kw name="Create Session" owner="RequestsLibrary">
<msg time="2026-05-03T22:24:00.609299" level="INFO">Creating Session using : alias=booking_session, url=https://restful-booker.herokuapp.com, headers={},                     cookies={}, auth=None, timeout=10, proxies=None, verify=False,                     debug=0 </msg>
<arg>booking_session</arg>
<arg>${BASE_URL}</arg>
<arg>timeout=${TIMEOUT}</arg>
<doc>Create Session: create a HTTP session to a server</doc>
<status status="PASS" start="2026-05-03T22:24:00.609045" elapsed="0.000428"/>
</kw>
<kw name="DELETE On Session" owner="RequestsLibrary">
<msg time="2026-05-03T22:24:00.997287" level="INFO">DELETE Request : url=https://restful-booker.herokuapp.com/booking/1505 
 path_url=/booking/1505 
 headers={'User-Agent': 'python-requests/2.33.1', 'Accept-Encoding': 'gzip, deflate, zstd', 'Accept': '*/*', 'Connection': 'keep-alive', 'Content-Type': 'application/json', 'Cookie': 'token=0453f58029a148d', 'Content-Length': '0'} 
 body=None 
 </msg>
<msg time="2026-05-03T22:24:00.997623" level="INFO">DELETE Response : url=https://restful-booker.herokuapp.com/booking/1505 
 status=201, reason=Created 
 headers={'Content-Length': '7', 'Content-Type': 'text/plain; charset=utf-8', 'Date': 'Sun, 03 May 2026 20:24:00 GMT', 'Etag': 'W/"7-rM9AyJuqT6iOan/xHh+AW+7K/T8"', 'Nel': '{"report_to":"heroku-nel","response_headers":["Via"],"max_age":3600,"success_fraction":0.01,"failure_fraction":0.1}', 'Report-To': '{"group":"heroku-nel","endpoints":[{"url":"https://nel.heroku.com/reports?s=dtgJYqE5kgrgla4ts8JjRwXXEZTEZre0ZVa0smmTkCo%3D\\u0026sid=c46efe9b-d3d2-4a0c-8c76-bfafa16c5add\\u0026ts=1777839840"}],"max_age":3600}', 'Reporting-Endpoints': 'heroku-nel="https://nel.heroku.com/reports?s=dtgJYqE5kgrgla4ts8JjRwXXEZTEZre0ZVa0smmTkCo%3D&amp;sid=c46efe9b-d3d2-4a0c-8c76-bfafa16c5add&amp;ts=1777839840"', 'Server': 'Heroku', 'Via': '1.1 heroku-router', 'X-Powered-By': 'Express'} 
 body=Created 
 </msg>
<msg time="2026-05-03T22:24:00.997843" level="INFO">/Library/Frameworks/Python.framework/Versions/3.14/lib/python3.14/site-packages/urllib3/connectionpool.py:1097: InsecureRequestWarning: Unverified HTTPS request is being made to host 'restful-booker.herokuapp.com'. Adding certificate verification is strongly advised. See: https://urllib3.readthedocs.io/en/latest/advanced-usage.html#tls-warnings
  warnings.warn(</msg>
<msg time="2026-05-03T22:24:00.998268" level="INFO">${response} = &lt;Response [201]&gt;</msg>
<var>${response}</var>
<arg>booking_session</arg>
<arg>/booking/${booking_id}</arg>
<arg>headers=${headers}</arg>
<doc>Sends a DELETE request on a previously created HTTP Session.</doc>
<status status="PASS" start="2026-05-03T22:24:00.609644" elapsed="0.388695"/>
</kw>
<kw name="Should Be Equal As Integers" owner="BuiltIn">
<msg time="2026-05-03T22:24:01.000478" level="INFO">Argument types are:
&lt;class 'int'&gt;
&lt;class 'str'&gt;</msg>
<arg>${response.status_code}</arg>
<arg>201</arg>
<doc>Fails if objects are unequal after converting them to integers.</doc>
<status status="PASS" start="2026-05-03T22:24:00.998824" elapsed="0.001777"/>
</kw>
<return>
<value>${response}</value>
<status status="PASS" start="2026-05-03T22:24:01.000715" elapsed="0.000090"/>
</return>
<arg>${booking_id}</arg>
<arg>${token}</arg>
<status status="PASS" start="2026-05-03T22:24:00.607288" elapsed="0.393749"/>
</kw>
<kw name="Log" owner="BuiltIn">
<msg time="2026-05-03T22:24:01.001746" level="INFO">Booking deleted: 1505</msg>
<arg>Booking deleted: ${booking_id}</arg>
<doc>Logs the given message with the given level.</doc>
<status status="PASS" start="2026-05-03T22:24:01.001339" elapsed="0.000473"/>
</kw>
<kw name="Create Session" owner="RequestsLibrary">
<msg time="2026-05-03T22:24:01.002358" level="INFO">Creating Session using : alias=booking_session, url=https://restful-booker.herokuapp.com, headers={},                     cookies={}, auth=None, timeout=10, proxies=None, verify=False,                     debug=0 </msg>
<arg>booking_session</arg>
<arg>${BASE_URL}</arg>
<arg>timeout=${TIMEOUT}</arg>
<doc>Create Session: create a HTTP session to a server</doc>
<status status="PASS" start="2026-05-03T22:24:01.002011" elapsed="0.000610"/>
</kw>
<kw name="GET On Session" owner="RequestsLibrary">
<msg time="2026-05-03T22:24:01.389710" level="INFO">GET Request : url=https://restful-booker.herokuapp.com/booking/1505 
 path_url=/booking/1505 
 headers={'User-Agent': 'python-requests/2.33.1', 'Accept-Encoding': 'gzip, deflate, zstd', 'Accept': '*/*', 'Connection': 'keep-alive'} 
 body=None 
 </msg>
<msg time="2026-05-03T22:24:01.390045" level="INFO">GET Response : url=https://restful-booker.herokuapp.com/booking/1505 
 status=404, reason=Not Found 
 headers={'Content-Length': '9', 'Content-Type': 'text/plain; charset=utf-8', 'Date': 'Sun, 03 May 2026 20:24:01 GMT', 'Etag': 'W/"9-0gXL1ngzMqISxa6S1zx3F4wtLyg"', 'Nel': '{"report_to":"heroku-nel","response_headers":["Via"],"max_age":3600,"success_fraction":0.01,"failure_fraction":0.1}', 'Report-To': '{"group":"heroku-nel","endpoints":[{"url":"https://nel.heroku.com/reports?s=D5JI0ySbhVnaiBHJ6afzD3mzjPCf7%2FoFuHjWtUt2IxY%3D\\u0026sid=c46efe9b-d3d2-4a0c-8c76-bfafa16c5add\\u0026ts=1777839841"}],"max_age":3600}', 'Reporting-Endpoints': 'heroku-nel="https://nel.heroku.com/reports?s=D5JI0ySbhVnaiBHJ6afzD3mzjPCf7%2FoFuHjWtUt2IxY%3D&amp;sid=c46efe9b-d3d2-4a0c-8c76-bfafa16c5add&amp;ts=1777839841"', 'Server': 'Heroku', 'Via': '1.1 heroku-router', 'X-Powered-By': 'Express'} 
 body=Not Found 
 </msg>
<msg time="2026-05-03T22:24:01.390276" level="INFO">/Library/Frameworks/Python.framework/Versions/3.14/lib/python3.14/site-packages/urllib3/connectionpool.py:1097: InsecureRequestWarning: Unverified HTTPS request is being made to host 'restful-booker.herokuapp.com'. Adding certificate verification is strongly advised. See: https://urllib3.readthedocs.io/en/latest/advanced-usage.html#tls-warnings
  warnings.warn(</msg>
<msg time="2026-05-03T22:24:01.390736" level="INFO">${response} = &lt;Response [404]&gt;</msg>
<var>${response}</var>
<arg>booking_session</arg>
<arg>/booking/${booking_id}</arg>
<arg>expected_status=404</arg>
<doc>Sends a GET request on a previously created HTTP Session.</doc>
<status status="PASS" start="2026-05-03T22:24:01.002822" elapsed="0.387985"/>
</kw>
<kw name="Should Be Equal As Integers" owner="BuiltIn">
<msg time="2026-05-03T22:24:01.392262" level="INFO">Argument types are:
&lt;class 'int'&gt;
&lt;class 'str'&gt;</msg>
<arg>${response.status_code}</arg>
<arg>404</arg>
<doc>Fails if objects are unequal after converting them to integers.</doc>
<status status="PASS" start="2026-05-03T22:24:01.391260" elapsed="0.001070"/>
</kw>
<kw name="Log" owner="BuiltIn">
<msg time="2026-05-03T22:24:01.392736" level="INFO">Full flow completed successfully!</msg>
<arg>Full flow completed successfully!</arg>
<doc>Logs the given message with the given level.</doc>
<status status="PASS" start="2026-05-03T22:24:01.392494" elapsed="0.000294"/>
</kw>
<status status="PASS" start="2026-05-03T22:23:59.031589" elapsed="2.361392"/>
</test>
<test id="s1-s3-s1-t2" name="TC02 - Full Flow Should Fail With Invalid Auth" line="44">
<kw name="Create Dictionary" owner="BuiltIn">
<msg time="2026-05-03T22:24:01.394151" level="INFO">${body} = {'username': 'invalid', 'password': 'invalid'}</msg>
<var>${body}</var>
<arg>username=invalid</arg>
<arg>password=invalid</arg>
<doc>Creates and returns a dictionary based on the given ``items``.</doc>
<status status="PASS" start="2026-05-03T22:24:01.393716" elapsed="0.000473"/>
</kw>
<kw name="Create Session" owner="RequestsLibrary">
<msg time="2026-05-03T22:24:01.394648" level="INFO">Creating Session using : alias=auth_session, url=https://restful-booker.herokuapp.com, headers={},                     cookies={}, auth=None, timeout=10, proxies=None, verify=False,                     debug=0 </msg>
<arg>auth_session</arg>
<arg>${BASE_URL}</arg>
<arg>timeout=${TIMEOUT}</arg>
<doc>Create Session: create a HTTP session to a server</doc>
<status status="PASS" start="2026-05-03T22:24:01.394371" elapsed="0.000498"/>
</kw>
<kw name="POST On Session" owner="RequestsLibrary">
<msg time="2026-05-03T22:24:01.780318" level="INFO">POST Request : url=https://restful-booker.herokuapp.com/auth 
 path_url=/auth 
 headers={'User-Agent': 'python-requests/2.33.1', 'Accept-Encoding': 'gzip, deflate, zstd', 'Accept': '*/*', 'Connection': 'keep-alive', 'Content-Length': '46', 'Content-Type': 'application/json'} 
 body=b'{"username": "invalid", "password": "invalid"}' 
 </msg>
<msg time="2026-05-03T22:24:01.780575" level="INFO">POST Response : url=https://restful-booker.herokuapp.com/auth 
 status=200, reason=OK 
 headers={'Content-Length': '28', 'Content-Type': 'application/json; charset=utf-8', 'Date': 'Sun, 03 May 2026 20:24:01 GMT', 'Etag': 'W/"1c-J3EiwfZwVQjKTKvpvazUfTni8fI"', 'Nel': '{"report_to":"heroku-nel","response_headers":["Via"],"max_age":3600,"success_fraction":0.01,"failure_fraction":0.1}', 'Report-To': '{"group":"heroku-nel","endpoints":[{"url":"https://nel.heroku.com/reports?s=D5JI0ySbhVnaiBHJ6afzD3mzjPCf7%2FoFuHjWtUt2IxY%3D\\u0026sid=c46efe9b-d3d2-4a0c-8c76-bfafa16c5add\\u0026ts=1777839841"}],"max_age":3600}', 'Reporting-Endpoints': 'heroku-nel="https://nel.heroku.com/reports?s=D5JI0ySbhVnaiBHJ6afzD3mzjPCf7%2FoFuHjWtUt2IxY%3D&amp;sid=c46efe9b-d3d2-4a0c-8c76-bfafa16c5add&amp;ts=1777839841"', 'Server': 'Heroku', 'Via': '1.1 heroku-router', 'X-Powered-By': 'Express'} 
 body={"reason":"Bad credentials"} 
 </msg>
<msg time="2026-05-03T22:24:01.780750" level="INFO">/Library/Frameworks/Python.framework/Versions/3.14/lib/python3.14/site-packages/urllib3/connectionpool.py:1097: InsecureRequestWarning: Unverified HTTPS request is being made to host 'restful-booker.herokuapp.com'. Adding certificate verification is strongly advised. See: https://urllib3.readthedocs.io/en/latest/advanced-usage.html#tls-warnings
  warnings.warn(</msg>
<msg time="2026-05-03T22:24:01.781101" level="INFO">${response} = &lt;Response [200]&gt;</msg>
<var>${response}</var>
<arg>auth_session</arg>
<arg>/auth</arg>
<arg>json=${body}</arg>
<doc>Sends a POST request on a previously created HTTP Session.</doc>
<status status="PASS" start="2026-05-03T22:24:01.395097" elapsed="0.386057"/>
</kw>
<kw name="Should Be Equal" owner="BuiltIn">
<arg>${response.json()['reason']}</arg>
<arg>Bad credentials</arg>
<doc>Fails if the given objects are unequal.</doc>
<status status="PASS" start="2026-05-03T22:24:01.781624" elapsed="0.001441"/>
</kw>
<kw name="Log" owner="BuiltIn">
<msg time="2026-05-03T22:24:01.783868" level="INFO">Invalid auth validated!</msg>
<arg>Invalid auth validated!</arg>
<doc>Logs the given message with the given level.</doc>
<status status="PASS" start="2026-05-03T22:24:01.783301" elapsed="0.000706"/>
</kw>
<status status="PASS" start="2026-05-03T22:24:01.393231" elapsed="0.391125"/>
</test>
<status status="PASS" start="2026-05-03T22:23:59.030243" elapsed="2.754652"/>
</suite>
<status status="PASS" start="2026-05-03T22:23:59.029314" elapsed="2.756369"/>
</suite>
<status status="PASS" start="2026-05-03T22:23:44.199602" elapsed="17.586759"/>
</suite>
<statistics>
<total>
<stat pass="18" fail="0" skip="0">All Tests</stat>
</total>
<tag>
</tag>
<suite>
<stat name="Tests" id="s1" pass="18" fail="0" skip="0">Tests</stat>
<stat name="Auth" id="s1-s1" pass="3" fail="0" skip="0">Tests.Auth</stat>
<stat name="Auth Tests" id="s1-s1-s1" pass="3" fail="0" skip="0">Tests.Auth.Auth Tests</stat>
<stat name="Booking" id="s1-s2" pass="13" fail="0" skip="0">Tests.Booking</stat>
<stat name="Delete Tests" id="s1-s2-s1" pass="3" fail="0" skip="0">Tests.Booking.Delete Tests</stat>
<stat name="Get Tests" id="s1-s2-s2" pass="3" fail="0" skip="0">Tests.Booking.Get Tests</stat>
<stat name="Post Tests" id="s1-s2-s3" pass="3" fail="0" skip="0">Tests.Booking.Post Tests</stat>
<stat name="Put Tests" id="s1-s2-s4" pass="4" fail="0" skip="0">Tests.Booking.Put Tests</stat>
<stat name="E2E" id="s1-s3" pass="2" fail="0" skip="0">Tests.E2E</stat>
<stat name="Full Flow Tests" id="s1-s3-s1" pass="2" fail="0" skip="0">Tests.E2E.Full Flow Tests</stat>
</suite>
</statistics>
<errors>
</errors>
</robot>
